{"E:\\YEAR 3 TERM 2\\STSWENG\\STSWENG_XX22_G1\\controllers\\loginController.js": {"path":"E:\\YEAR 3 TERM 2\\STSWENG\\STSWENG_XX22_G1\\controllers\\loginController.js","statementMap":{"0":{"start":{"line":1,"column":11},"end":{"line":1,"column":37}},"1":{"start":{"line":3,"column":15},"end":{"line":3,"column":32}},"2":{"start":{"line":5,"column":13},"end":{"line":5,"column":43}},"3":{"start":{"line":6,"column":14},"end":{"line":6,"column":45}},"4":{"start":{"line":7,"column":15},"end":{"line":7,"column":47}},"5":{"start":{"line":9,"column":24},"end":{"line":76,"column":1}},"6":{"start":{"line":13,"column":8},"end":{"line":34,"column":9}},"7":{"start":{"line":15,"column":26},"end":{"line":15,"column":62}},"8":{"start":{"line":16,"column":31},"end":{"line":16,"column":47}},"9":{"start":{"line":17,"column":32},"end":{"line":17,"column":74}},"10":{"start":{"line":18,"column":33},"end":{"line":18,"column":76}},"11":{"start":{"line":19,"column":34},"end":{"line":19,"column":78}},"12":{"start":{"line":21,"column":12},"end":{"line":29,"column":13}},"13":{"start":{"line":22,"column":16},"end":{"line":22,"column":88}},"14":{"start":{"line":23,"column":19},"end":{"line":29,"column":13}},"15":{"start":{"line":24,"column":16},"end":{"line":24,"column":93}},"16":{"start":{"line":25,"column":19},"end":{"line":29,"column":13}},"17":{"start":{"line":26,"column":16},"end":{"line":26,"column":94}},"18":{"start":{"line":28,"column":16},"end":{"line":28,"column":56}},"19":{"start":{"line":33,"column":10},"end":{"line":33,"column":30}},"20":{"start":{"line":39,"column":8},"end":{"line":39,"column":55}},"21":{"start":{"line":40,"column":26},"end":{"line":40,"column":49}},"22":{"start":{"line":41,"column":25},"end":{"line":41,"column":47}},"23":{"start":{"line":43,"column":8},"end":{"line":73,"column":13}},"24":{"start":{"line":44,"column":26},"end":{"line":44,"column":50}},"25":{"start":{"line":45,"column":31},"end":{"line":45,"column":59}},"26":{"start":{"line":46,"column":32},"end":{"line":46,"column":74}},"27":{"start":{"line":47,"column":33},"end":{"line":47,"column":76}},"28":{"start":{"line":48,"column":34},"end":{"line":48,"column":78}},"29":{"start":{"line":50,"column":12},"end":{"line":69,"column":13}},"30":{"start":{"line":52,"column":16},"end":{"line":52,"column":62}},"31":{"start":{"line":54,"column":16},"end":{"line":54,"column":70}},"32":{"start":{"line":55,"column":19},"end":{"line":69,"column":13}},"33":{"start":{"line":57,"column":16},"end":{"line":57,"column":63}},"34":{"start":{"line":59,"column":16},"end":{"line":59,"column":70}},"35":{"start":{"line":61,"column":19},"end":{"line":69,"column":13}},"36":{"start":{"line":63,"column":16},"end":{"line":63,"column":64}},"37":{"start":{"line":65,"column":16},"end":{"line":65,"column":70}},"38":{"start":{"line":68,"column":16},"end":{"line":68,"column":56}},"39":{"start":{"line":72,"column":16},"end":{"line":72,"column":42}},"40":{"start":{"line":78,"column":0},"end":{"line":78,"column":33}}},"fnMap":{"0":{"name":"(anonymous_0)","decl":{"start":{"line":11,"column":15},"end":{"line":11,"column":16}},"loc":{"start":{"line":11,"column":41},"end":{"line":36,"column":5}},"line":11},"1":{"name":"(anonymous_1)","decl":{"start":{"line":38,"column":16},"end":{"line":38,"column":17}},"loc":{"start":{"line":38,"column":48},"end":{"line":74,"column":9}},"line":38}},"branchMap":{"0":{"loc":{"start":{"line":13,"column":8},"end":{"line":34,"column":9}},"type":"if","locations":[{"start":{"line":13,"column":8},"end":{"line":34,"column":9}},{"start":{"line":32,"column":12},"end":{"line":34,"column":9}}],"line":13},"1":{"loc":{"start":{"line":21,"column":12},"end":{"line":29,"column":13}},"type":"if","locations":[{"start":{"line":21,"column":12},"end":{"line":29,"column":13}},{"start":{"line":23,"column":19},"end":{"line":29,"column":13}}],"line":21},"2":{"loc":{"start":{"line":23,"column":19},"end":{"line":29,"column":13}},"type":"if","locations":[{"start":{"line":23,"column":19},"end":{"line":29,"column":13}},{"start":{"line":25,"column":19},"end":{"line":29,"column":13}}],"line":23},"3":{"loc":{"start":{"line":25,"column":19},"end":{"line":29,"column":13}},"type":"if","locations":[{"start":{"line":25,"column":19},"end":{"line":29,"column":13}},{"start":{"line":27,"column":19},"end":{"line":29,"column":13}}],"line":25},"4":{"loc":{"start":{"line":50,"column":12},"end":{"line":69,"column":13}},"type":"if","locations":[{"start":{"line":50,"column":12},"end":{"line":69,"column":13}},{"start":{"line":55,"column":19},"end":{"line":69,"column":13}}],"line":50},"5":{"loc":{"start":{"line":50,"column":16},"end":{"line":50,"column":83}},"type":"binary-expr","locations":[{"start":{"line":50,"column":16},"end":{"line":50,"column":27}},{"start":{"line":50,"column":31},"end":{"line":50,"column":83}}],"line":50},"6":{"loc":{"start":{"line":55,"column":19},"end":{"line":69,"column":13}},"type":"if","locations":[{"start":{"line":55,"column":19},"end":{"line":69,"column":13}},{"start":{"line":61,"column":19},"end":{"line":69,"column":13}}],"line":55},"7":{"loc":{"start":{"line":55,"column":23},"end":{"line":55,"column":92}},"type":"binary-expr","locations":[{"start":{"line":55,"column":23},"end":{"line":55,"column":35}},{"start":{"line":55,"column":39},"end":{"line":55,"column":92}}],"line":55},"8":{"loc":{"start":{"line":61,"column":19},"end":{"line":69,"column":13}},"type":"if","locations":[{"start":{"line":61,"column":19},"end":{"line":69,"column":13}},{"start":{"line":67,"column":19},"end":{"line":69,"column":13}}],"line":61},"9":{"loc":{"start":{"line":61,"column":23},"end":{"line":61,"column":94}},"type":"binary-expr","locations":[{"start":{"line":61,"column":23},"end":{"line":61,"column":36}},{"start":{"line":61,"column":40},"end":{"line":61,"column":94}}],"line":61}},"s":{"0":1,"1":1,"2":1,"3":1,"4":1,"5":1,"6":5,"7":4,"8":4,"9":4,"10":4,"11":4,"12":4,"13":1,"14":3,"15":1,"16":2,"17":1,"18":1,"19":1,"20":5,"21":5,"22":5,"23":5,"24":5,"25":5,"26":5,"27":4,"28":4,"29":4,"30":1,"31":1,"32":3,"33":1,"34":1,"35":2,"36":1,"37":1,"38":1,"39":1,"40":1},"f":{"0":5,"1":5},"b":{"0":[4,1],"1":[1,3],"2":[1,2],"3":[1,1],"4":[1,3],"5":[4,1],"6":[1,2],"7":[3,1],"8":[1,1],"9":[2,1]},"_coverageSchema":"1a1c01bbd47fc00a2c39e90264f33305004495a9","hash":"d449600fbf524dc195a82ecd73ca94169ee537b8"}
,"E:\\YEAR 3 TERM 2\\STSWENG\\STSWENG_XX22_G1\\controllers\\profileController.js": {"path":"E:\\YEAR 3 TERM 2\\STSWENG\\STSWENG_XX22_G1\\controllers\\profileController.js","statementMap":{"0":{"start":{"line":1,"column":11},"end":{"line":1,"column":37}},"1":{"start":{"line":3,"column":13},"end":{"line":3,"column":43}},"2":{"start":{"line":4,"column":14},"end":{"line":4,"column":45}},"3":{"start":{"line":5,"column":15},"end":{"line":5,"column":47}},"4":{"start":{"line":7,"column":20},"end":{"line":7,"column":57}},"5":{"start":{"line":10,"column":15},"end":{"line":10,"column":32}},"6":{"start":{"line":11,"column":19},"end":{"line":11,"column":21}},"7":{"start":{"line":13,"column":26},"end":{"line":390,"column":1}},"8":{"start":{"line":16,"column":8},"end":{"line":51,"column":9}},"9":{"start":{"line":18,"column":26},"end":{"line":18,"column":62}},"10":{"start":{"line":19,"column":31},"end":{"line":19,"column":42}},"11":{"start":{"line":20,"column":32},"end":{"line":20,"column":74}},"12":{"start":{"line":21,"column":33},"end":{"line":21,"column":76}},"13":{"start":{"line":22,"column":34},"end":{"line":22,"column":78}},"14":{"start":{"line":23,"column":12},"end":{"line":28,"column":94}},"15":{"start":{"line":24,"column":16},"end":{"line":24,"column":88}},"16":{"start":{"line":25,"column":17},"end":{"line":28,"column":94}},"17":{"start":{"line":26,"column":16},"end":{"line":26,"column":93}},"18":{"start":{"line":27,"column":17},"end":{"line":28,"column":94}},"19":{"start":{"line":28,"column":16},"end":{"line":28,"column":94}},"20":{"start":{"line":30,"column":26},"end":{"line":30,"column":58}},"21":{"start":{"line":31,"column":31},"end":{"line":31,"column":106}},"22":{"start":{"line":32,"column":27},"end":{"line":32,"column":69}},"23":{"start":{"line":34,"column":12},"end":{"line":50,"column":13}},"24":{"start":{"line":36,"column":32},"end":{"line":43,"column":17}},"25":{"start":{"line":45,"column":37},"end":{"line":45,"column":57}},"26":{"start":{"line":46,"column":16},"end":{"line":46,"column":52}},"27":{"start":{"line":49,"column":16},"end":{"line":49,"column":52}},"28":{"start":{"line":57,"column":8},"end":{"line":95,"column":9}},"29":{"start":{"line":58,"column":26},"end":{"line":58,"column":62}},"30":{"start":{"line":59,"column":31},"end":{"line":59,"column":42}},"31":{"start":{"line":61,"column":32},"end":{"line":61,"column":74}},"32":{"start":{"line":62,"column":33},"end":{"line":62,"column":76}},"33":{"start":{"line":63,"column":34},"end":{"line":63,"column":78}},"34":{"start":{"line":64,"column":12},"end":{"line":69,"column":94}},"35":{"start":{"line":65,"column":16},"end":{"line":65,"column":88}},"36":{"start":{"line":66,"column":17},"end":{"line":69,"column":94}},"37":{"start":{"line":67,"column":16},"end":{"line":67,"column":93}},"38":{"start":{"line":68,"column":17},"end":{"line":69,"column":94}},"39":{"start":{"line":69,"column":16},"end":{"line":69,"column":94}},"40":{"start":{"line":71,"column":24},"end":{"line":71,"column":56}},"41":{"start":{"line":72,"column":29},"end":{"line":72,"column":104}},"42":{"start":{"line":74,"column":27},"end":{"line":74,"column":70}},"43":{"start":{"line":76,"column":12},"end":{"line":93,"column":13}},"44":{"start":{"line":79,"column":16},"end":{"line":86,"column":17}},"45":{"start":{"line":88,"column":16},"end":{"line":88,"column":36}},"46":{"start":{"line":89,"column":37},"end":{"line":89,"column":57}},"47":{"start":{"line":90,"column":16},"end":{"line":90,"column":57}},"48":{"start":{"line":92,"column":16},"end":{"line":92,"column":52}},"49":{"start":{"line":101,"column":8},"end":{"line":139,"column":9}},"50":{"start":{"line":102,"column":26},"end":{"line":102,"column":62}},"51":{"start":{"line":103,"column":31},"end":{"line":103,"column":42}},"52":{"start":{"line":105,"column":32},"end":{"line":105,"column":74}},"53":{"start":{"line":106,"column":33},"end":{"line":106,"column":76}},"54":{"start":{"line":107,"column":34},"end":{"line":107,"column":78}},"55":{"start":{"line":108,"column":12},"end":{"line":113,"column":94}},"56":{"start":{"line":109,"column":16},"end":{"line":109,"column":88}},"57":{"start":{"line":110,"column":17},"end":{"line":113,"column":94}},"58":{"start":{"line":111,"column":16},"end":{"line":111,"column":93}},"59":{"start":{"line":112,"column":17},"end":{"line":113,"column":94}},"60":{"start":{"line":113,"column":16},"end":{"line":113,"column":94}},"61":{"start":{"line":116,"column":24},"end":{"line":116,"column":56}},"62":{"start":{"line":117,"column":29},"end":{"line":117,"column":104}},"63":{"start":{"line":119,"column":27},"end":{"line":119,"column":71}},"64":{"start":{"line":121,"column":12},"end":{"line":137,"column":13}},"65":{"start":{"line":124,"column":16},"end":{"line":131,"column":17}},"66":{"start":{"line":133,"column":37},"end":{"line":133,"column":57}},"67":{"start":{"line":134,"column":16},"end":{"line":134,"column":58}},"68":{"start":{"line":136,"column":16},"end":{"line":136,"column":52}},"69":{"start":{"line":144,"column":20},"end":{"line":144,"column":52}},"70":{"start":{"line":145,"column":27},"end":{"line":145,"column":86}},"71":{"start":{"line":147,"column":28},"end":{"line":147,"column":64}},"72":{"start":{"line":148,"column":29},"end":{"line":148,"column":66}},"73":{"start":{"line":149,"column":30},"end":{"line":149,"column":68}},"74":{"start":{"line":151,"column":8},"end":{"line":151,"column":29}},"75":{"start":{"line":153,"column":8},"end":{"line":197,"column":9}},"76":{"start":{"line":154,"column":12},"end":{"line":154,"column":112}},"77":{"start":{"line":155,"column":12},"end":{"line":155,"column":62}},"78":{"start":{"line":156,"column":12},"end":{"line":156,"column":28}},"79":{"start":{"line":157,"column":12},"end":{"line":157,"column":97}},"80":{"start":{"line":161,"column":13},"end":{"line":197,"column":9}},"81":{"start":{"line":162,"column":12},"end":{"line":162,"column":113}},"82":{"start":{"line":163,"column":12},"end":{"line":163,"column":68}},"83":{"start":{"line":164,"column":12},"end":{"line":164,"column":28}},"84":{"start":{"line":165,"column":12},"end":{"line":165,"column":102}},"85":{"start":{"line":169,"column":13},"end":{"line":197,"column":9}},"86":{"start":{"line":170,"column":12},"end":{"line":170,"column":114}},"87":{"start":{"line":171,"column":12},"end":{"line":171,"column":69}},"88":{"start":{"line":172,"column":12},"end":{"line":172,"column":28}},"89":{"start":{"line":173,"column":12},"end":{"line":173,"column":103}},"90":{"start":{"line":176,"column":12},"end":{"line":196,"column":13}},"91":{"start":{"line":178,"column":16},"end":{"line":192,"column":17}},"92":{"start":{"line":179,"column":20},"end":{"line":179,"column":115}},"93":{"start":{"line":180,"column":20},"end":{"line":180,"column":36}},"94":{"start":{"line":181,"column":20},"end":{"line":181,"column":105}},"95":{"start":{"line":183,"column":21},"end":{"line":192,"column":17}},"96":{"start":{"line":184,"column":20},"end":{"line":184,"column":116}},"97":{"start":{"line":185,"column":20},"end":{"line":185,"column":36}},"98":{"start":{"line":186,"column":20},"end":{"line":186,"column":110}},"99":{"start":{"line":188,"column":21},"end":{"line":192,"column":17}},"100":{"start":{"line":189,"column":20},"end":{"line":189,"column":117}},"101":{"start":{"line":190,"column":20},"end":{"line":190,"column":36}},"102":{"start":{"line":191,"column":20},"end":{"line":191,"column":111}},"103":{"start":{"line":194,"column":16},"end":{"line":194,"column":81}},"104":{"start":{"line":195,"column":16},"end":{"line":195,"column":115}},"105":{"start":{"line":206,"column":20},"end":{"line":206,"column":52}},"106":{"start":{"line":207,"column":27},"end":{"line":207,"column":50}},"107":{"start":{"line":209,"column":28},"end":{"line":209,"column":70}},"108":{"start":{"line":210,"column":29},"end":{"line":210,"column":72}},"109":{"start":{"line":211,"column":30},"end":{"line":211,"column":74}},"110":{"start":{"line":213,"column":8},"end":{"line":231,"column":9}},"111":{"start":{"line":214,"column":12},"end":{"line":214,"column":84}},"112":{"start":{"line":215,"column":12},"end":{"line":215,"column":63}},"113":{"start":{"line":216,"column":12},"end":{"line":216,"column":97}},"114":{"start":{"line":218,"column":13},"end":{"line":231,"column":9}},"115":{"start":{"line":219,"column":12},"end":{"line":219,"column":85}},"116":{"start":{"line":220,"column":12},"end":{"line":220,"column":69}},"117":{"start":{"line":221,"column":12},"end":{"line":221,"column":102}},"118":{"start":{"line":223,"column":13},"end":{"line":231,"column":9}},"119":{"start":{"line":224,"column":12},"end":{"line":224,"column":86}},"120":{"start":{"line":225,"column":12},"end":{"line":225,"column":70}},"121":{"start":{"line":226,"column":12},"end":{"line":226,"column":103}},"122":{"start":{"line":229,"column":12},"end":{"line":229,"column":78}},"123":{"start":{"line":230,"column":12},"end":{"line":230,"column":111}},"124":{"start":{"line":236,"column":20},"end":{"line":236,"column":51}},"125":{"start":{"line":237,"column":27},"end":{"line":237,"column":47}},"126":{"start":{"line":239,"column":28},"end":{"line":239,"column":70}},"127":{"start":{"line":240,"column":29},"end":{"line":240,"column":72}},"128":{"start":{"line":241,"column":30},"end":{"line":241,"column":74}},"129":{"start":{"line":243,"column":8},"end":{"line":261,"column":9}},"130":{"start":{"line":244,"column":12},"end":{"line":244,"column":109}},"131":{"start":{"line":245,"column":12},"end":{"line":245,"column":59}},"132":{"start":{"line":246,"column":12},"end":{"line":246,"column":95}},"133":{"start":{"line":248,"column":13},"end":{"line":261,"column":9}},"134":{"start":{"line":249,"column":12},"end":{"line":249,"column":111}},"135":{"start":{"line":250,"column":12},"end":{"line":250,"column":65}},"136":{"start":{"line":251,"column":12},"end":{"line":251,"column":100}},"137":{"start":{"line":253,"column":13},"end":{"line":261,"column":9}},"138":{"start":{"line":254,"column":12},"end":{"line":254,"column":112}},"139":{"start":{"line":255,"column":12},"end":{"line":255,"column":66}},"140":{"start":{"line":256,"column":12},"end":{"line":256,"column":101}},"141":{"start":{"line":259,"column":12},"end":{"line":259,"column":74}},"142":{"start":{"line":260,"column":12},"end":{"line":260,"column":109}},"143":{"start":{"line":266,"column":20},"end":{"line":266,"column":51}},"144":{"start":{"line":267,"column":27},"end":{"line":267,"column":52}},"145":{"start":{"line":269,"column":28},"end":{"line":269,"column":70}},"146":{"start":{"line":270,"column":29},"end":{"line":270,"column":72}},"147":{"start":{"line":271,"column":30},"end":{"line":271,"column":74}},"148":{"start":{"line":273,"column":8},"end":{"line":294,"column":9}},"149":{"start":{"line":274,"column":12},"end":{"line":274,"column":113}},"150":{"start":{"line":275,"column":12},"end":{"line":275,"column":55}},"151":{"start":{"line":276,"column":12},"end":{"line":276,"column":97}},"152":{"start":{"line":278,"column":13},"end":{"line":294,"column":9}},"153":{"start":{"line":279,"column":12},"end":{"line":279,"column":114}},"154":{"start":{"line":280,"column":12},"end":{"line":280,"column":55}},"155":{"start":{"line":281,"column":12},"end":{"line":281,"column":102}},"156":{"start":{"line":283,"column":13},"end":{"line":294,"column":9}},"157":{"start":{"line":284,"column":12},"end":{"line":284,"column":115}},"158":{"start":{"line":285,"column":12},"end":{"line":285,"column":55}},"159":{"start":{"line":286,"column":12},"end":{"line":286,"column":103}},"160":{"start":{"line":289,"column":12},"end":{"line":289,"column":49}},"161":{"start":{"line":290,"column":12},"end":{"line":290,"column":45}},"162":{"start":{"line":292,"column":12},"end":{"line":292,"column":79}},"163":{"start":{"line":293,"column":12},"end":{"line":293,"column":111}},"164":{"start":{"line":299,"column":20},"end":{"line":299,"column":51}},"165":{"start":{"line":300,"column":27},"end":{"line":300,"column":47}},"166":{"start":{"line":302,"column":28},"end":{"line":302,"column":70}},"167":{"start":{"line":303,"column":29},"end":{"line":303,"column":72}},"168":{"start":{"line":304,"column":30},"end":{"line":304,"column":74}},"169":{"start":{"line":306,"column":22},"end":{"line":306,"column":24}},"170":{"start":{"line":307,"column":20},"end":{"line":307,"column":24}},"171":{"start":{"line":309,"column":8},"end":{"line":372,"column":9}},"172":{"start":{"line":310,"column":12},"end":{"line":310,"column":45}},"173":{"start":{"line":311,"column":12},"end":{"line":311,"column":53}},"174":{"start":{"line":313,"column":12},"end":{"line":315,"column":13}},"175":{"start":{"line":317,"column":12},"end":{"line":319,"column":15}},"176":{"start":{"line":318,"column":16},"end":{"line":318,"column":27}},"177":{"start":{"line":321,"column":12},"end":{"line":326,"column":13}},"178":{"start":{"line":322,"column":16},"end":{"line":322,"column":48}},"179":{"start":{"line":324,"column":16},"end":{"line":324,"column":32}},"180":{"start":{"line":325,"column":16},"end":{"line":325,"column":45}},"181":{"start":{"line":329,"column":13},"end":{"line":372,"column":9}},"182":{"start":{"line":330,"column":12},"end":{"line":330,"column":46}},"183":{"start":{"line":331,"column":12},"end":{"line":331,"column":53}},"184":{"start":{"line":332,"column":12},"end":{"line":332,"column":46}},"185":{"start":{"line":334,"column":12},"end":{"line":336,"column":13}},"186":{"start":{"line":338,"column":12},"end":{"line":340,"column":15}},"187":{"start":{"line":339,"column":16},"end":{"line":339,"column":27}},"188":{"start":{"line":342,"column":12},"end":{"line":347,"column":13}},"189":{"start":{"line":343,"column":16},"end":{"line":343,"column":48}},"190":{"start":{"line":345,"column":16},"end":{"line":345,"column":32}},"191":{"start":{"line":346,"column":16},"end":{"line":346,"column":45}},"192":{"start":{"line":349,"column":13},"end":{"line":372,"column":9}},"193":{"start":{"line":350,"column":12},"end":{"line":350,"column":47}},"194":{"start":{"line":351,"column":12},"end":{"line":351,"column":53}},"195":{"start":{"line":352,"column":12},"end":{"line":352,"column":46}},"196":{"start":{"line":354,"column":12},"end":{"line":356,"column":13}},"197":{"start":{"line":358,"column":12},"end":{"line":360,"column":15}},"198":{"start":{"line":359,"column":16},"end":{"line":359,"column":27}},"199":{"start":{"line":362,"column":12},"end":{"line":367,"column":13}},"200":{"start":{"line":363,"column":16},"end":{"line":363,"column":48}},"201":{"start":{"line":365,"column":16},"end":{"line":365,"column":32}},"202":{"start":{"line":366,"column":16},"end":{"line":366,"column":45}},"203":{"start":{"line":370,"column":12},"end":{"line":370,"column":50}},"204":{"start":{"line":371,"column":12},"end":{"line":371,"column":95}},"205":{"start":{"line":377,"column":20},"end":{"line":377,"column":24}},"206":{"start":{"line":378,"column":8},"end":{"line":380,"column":11}},"207":{"start":{"line":379,"column":12},"end":{"line":379,"column":23}},"208":{"start":{"line":382,"column":8},"end":{"line":387,"column":9}},"209":{"start":{"line":383,"column":12},"end":{"line":383,"column":44}},"210":{"start":{"line":385,"column":12},"end":{"line":385,"column":28}},"211":{"start":{"line":386,"column":12},"end":{"line":386,"column":30}},"212":{"start":{"line":392,"column":0},"end":{"line":392,"column":35}}},"fnMap":{"0":{"name":"(anonymous_0)","decl":{"start":{"line":15,"column":17},"end":{"line":15,"column":18}},"loc":{"start":{"line":15,"column":43},"end":{"line":53,"column":5}},"line":15},"1":{"name":"(anonymous_1)","decl":{"start":{"line":55,"column":23},"end":{"line":55,"column":24}},"loc":{"start":{"line":55,"column":49},"end":{"line":97,"column":5}},"line":55},"2":{"name":"(anonymous_2)","decl":{"start":{"line":99,"column":24},"end":{"line":99,"column":25}},"loc":{"start":{"line":99,"column":50},"end":{"line":141,"column":5}},"line":99},"3":{"name":"(anonymous_3)","decl":{"start":{"line":143,"column":29},"end":{"line":143,"column":30}},"loc":{"start":{"line":143,"column":49},"end":{"line":203,"column":5}},"line":143},"4":{"name":"(anonymous_4)","decl":{"start":{"line":205,"column":30},"end":{"line":205,"column":31}},"loc":{"start":{"line":205,"column":56},"end":{"line":233,"column":5}},"line":205},"5":{"name":"(anonymous_5)","decl":{"start":{"line":235,"column":26},"end":{"line":235,"column":27}},"loc":{"start":{"line":235,"column":52},"end":{"line":263,"column":5}},"line":235},"6":{"name":"(anonymous_6)","decl":{"start":{"line":265,"column":22},"end":{"line":265,"column":23}},"loc":{"start":{"line":265,"column":48},"end":{"line":296,"column":5}},"line":265},"7":{"name":"(anonymous_7)","decl":{"start":{"line":298,"column":25},"end":{"line":298,"column":26}},"loc":{"start":{"line":298,"column":51},"end":{"line":374,"column":5}},"line":298},"8":{"name":"(anonymous_8)","decl":{"start":{"line":317,"column":32},"end":{"line":317,"column":33}},"loc":{"start":{"line":317,"column":46},"end":{"line":319,"column":13}},"line":317},"9":{"name":"(anonymous_9)","decl":{"start":{"line":338,"column":32},"end":{"line":338,"column":33}},"loc":{"start":{"line":338,"column":46},"end":{"line":340,"column":13}},"line":338},"10":{"name":"(anonymous_10)","decl":{"start":{"line":358,"column":32},"end":{"line":358,"column":33}},"loc":{"start":{"line":358,"column":46},"end":{"line":360,"column":13}},"line":358},"11":{"name":"(anonymous_11)","decl":{"start":{"line":376,"column":16},"end":{"line":376,"column":17}},"loc":{"start":{"line":376,"column":36},"end":{"line":388,"column":5}},"line":376},"12":{"name":"(anonymous_12)","decl":{"start":{"line":378,"column":28},"end":{"line":378,"column":29}},"loc":{"start":{"line":378,"column":42},"end":{"line":380,"column":9}},"line":378}},"branchMap":{"0":{"loc":{"start":{"line":16,"column":8},"end":{"line":51,"column":9}},"type":"if","locations":[{"start":{"line":16,"column":8},"end":{"line":51,"column":9}},{"start":{"line":29,"column":15},"end":{"line":51,"column":9}}],"line":16},"1":{"loc":{"start":{"line":23,"column":12},"end":{"line":28,"column":94}},"type":"if","locations":[{"start":{"line":23,"column":12},"end":{"line":28,"column":94}},{"start":{"line":25,"column":17},"end":{"line":28,"column":94}}],"line":23},"2":{"loc":{"start":{"line":25,"column":17},"end":{"line":28,"column":94}},"type":"if","locations":[{"start":{"line":25,"column":17},"end":{"line":28,"column":94}},{"start":{"line":27,"column":17},"end":{"line":28,"column":94}}],"line":25},"3":{"loc":{"start":{"line":27,"column":17},"end":{"line":28,"column":94}},"type":"if","locations":[{"start":{"line":27,"column":17},"end":{"line":28,"column":94}},{"start":{},"end":{}}],"line":27},"4":{"loc":{"start":{"line":34,"column":12},"end":{"line":50,"column":13}},"type":"if","locations":[{"start":{"line":34,"column":12},"end":{"line":50,"column":13}},{"start":{"line":48,"column":19},"end":{"line":50,"column":13}}],"line":34},"5":{"loc":{"start":{"line":57,"column":8},"end":{"line":95,"column":9}},"type":"if","locations":[{"start":{"line":57,"column":8},"end":{"line":95,"column":9}},{"start":{"line":70,"column":15},"end":{"line":95,"column":9}}],"line":57},"6":{"loc":{"start":{"line":64,"column":12},"end":{"line":69,"column":94}},"type":"if","locations":[{"start":{"line":64,"column":12},"end":{"line":69,"column":94}},{"start":{"line":66,"column":17},"end":{"line":69,"column":94}}],"line":64},"7":{"loc":{"start":{"line":66,"column":17},"end":{"line":69,"column":94}},"type":"if","locations":[{"start":{"line":66,"column":17},"end":{"line":69,"column":94}},{"start":{"line":68,"column":17},"end":{"line":69,"column":94}}],"line":66},"8":{"loc":{"start":{"line":68,"column":17},"end":{"line":69,"column":94}},"type":"if","locations":[{"start":{"line":68,"column":17},"end":{"line":69,"column":94}},{"start":{},"end":{}}],"line":68},"9":{"loc":{"start":{"line":76,"column":12},"end":{"line":93,"column":13}},"type":"if","locations":[{"start":{"line":76,"column":12},"end":{"line":93,"column":13}},{"start":{"line":91,"column":19},"end":{"line":93,"column":13}}],"line":76},"10":{"loc":{"start":{"line":101,"column":8},"end":{"line":139,"column":9}},"type":"if","locations":[{"start":{"line":101,"column":8},"end":{"line":139,"column":9}},{"start":{"line":115,"column":15},"end":{"line":139,"column":9}}],"line":101},"11":{"loc":{"start":{"line":108,"column":12},"end":{"line":113,"column":94}},"type":"if","locations":[{"start":{"line":108,"column":12},"end":{"line":113,"column":94}},{"start":{"line":110,"column":17},"end":{"line":113,"column":94}}],"line":108},"12":{"loc":{"start":{"line":110,"column":17},"end":{"line":113,"column":94}},"type":"if","locations":[{"start":{"line":110,"column":17},"end":{"line":113,"column":94}},{"start":{"line":112,"column":17},"end":{"line":113,"column":94}}],"line":110},"13":{"loc":{"start":{"line":112,"column":17},"end":{"line":113,"column":94}},"type":"if","locations":[{"start":{"line":112,"column":17},"end":{"line":113,"column":94}},{"start":{},"end":{}}],"line":112},"14":{"loc":{"start":{"line":121,"column":12},"end":{"line":137,"column":13}},"type":"if","locations":[{"start":{"line":121,"column":12},"end":{"line":137,"column":13}},{"start":{"line":135,"column":19},"end":{"line":137,"column":13}}],"line":121},"15":{"loc":{"start":{"line":153,"column":8},"end":{"line":197,"column":9}},"type":"if","locations":[{"start":{"line":153,"column":8},"end":{"line":197,"column":9}},{"start":{"line":161,"column":13},"end":{"line":197,"column":9}}],"line":153},"16":{"loc":{"start":{"line":153,"column":12},"end":{"line":153,"column":98}},"type":"binary-expr","locations":[{"start":{"line":153,"column":12},"end":{"line":153,"column":31}},{"start":{"line":153,"column":36},"end":{"line":153,"column":65}},{"start":{"line":153,"column":69},"end":{"line":153,"column":97}}],"line":153},"17":{"loc":{"start":{"line":161,"column":13},"end":{"line":197,"column":9}},"type":"if","locations":[{"start":{"line":161,"column":13},"end":{"line":197,"column":9}},{"start":{"line":169,"column":13},"end":{"line":197,"column":9}}],"line":161},"18":{"loc":{"start":{"line":161,"column":17},"end":{"line":161,"column":104}},"type":"binary-expr","locations":[{"start":{"line":161,"column":17},"end":{"line":161,"column":37}},{"start":{"line":161,"column":42},"end":{"line":161,"column":71}},{"start":{"line":161,"column":75},"end":{"line":161,"column":103}}],"line":161},"19":{"loc":{"start":{"line":169,"column":13},"end":{"line":197,"column":9}},"type":"if","locations":[{"start":{"line":169,"column":13},"end":{"line":197,"column":9}},{"start":{"line":174,"column":15},"end":{"line":197,"column":9}}],"line":169},"20":{"loc":{"start":{"line":169,"column":17},"end":{"line":169,"column":105}},"type":"binary-expr","locations":[{"start":{"line":169,"column":17},"end":{"line":169,"column":38}},{"start":{"line":169,"column":43},"end":{"line":169,"column":72}},{"start":{"line":169,"column":76},"end":{"line":169,"column":104}}],"line":169},"21":{"loc":{"start":{"line":176,"column":12},"end":{"line":196,"column":13}},"type":"if","locations":[{"start":{"line":176,"column":12},"end":{"line":196,"column":13}},{"start":{"line":193,"column":19},"end":{"line":196,"column":13}}],"line":176},"22":{"loc":{"start":{"line":176,"column":19},"end":{"line":176,"column":87}},"type":"binary-expr","locations":[{"start":{"line":176,"column":19},"end":{"line":176,"column":38}},{"start":{"line":176,"column":42},"end":{"line":176,"column":62}},{"start":{"line":176,"column":66},"end":{"line":176,"column":87}}],"line":176},"23":{"loc":{"start":{"line":178,"column":16},"end":{"line":192,"column":17}},"type":"if","locations":[{"start":{"line":178,"column":16},"end":{"line":192,"column":17}},{"start":{"line":183,"column":21},"end":{"line":192,"column":17}}],"line":178},"24":{"loc":{"start":{"line":183,"column":21},"end":{"line":192,"column":17}},"type":"if","locations":[{"start":{"line":183,"column":21},"end":{"line":192,"column":17}},{"start":{"line":188,"column":21},"end":{"line":192,"column":17}}],"line":183},"25":{"loc":{"start":{"line":188,"column":21},"end":{"line":192,"column":17}},"type":"if","locations":[{"start":{"line":188,"column":21},"end":{"line":192,"column":17}},{"start":{},"end":{}}],"line":188},"26":{"loc":{"start":{"line":213,"column":8},"end":{"line":231,"column":9}},"type":"if","locations":[{"start":{"line":213,"column":8},"end":{"line":231,"column":9}},{"start":{"line":218,"column":13},"end":{"line":231,"column":9}}],"line":213},"27":{"loc":{"start":{"line":218,"column":13},"end":{"line":231,"column":9}},"type":"if","locations":[{"start":{"line":218,"column":13},"end":{"line":231,"column":9}},{"start":{"line":223,"column":13},"end":{"line":231,"column":9}}],"line":218},"28":{"loc":{"start":{"line":223,"column":13},"end":{"line":231,"column":9}},"type":"if","locations":[{"start":{"line":223,"column":13},"end":{"line":231,"column":9}},{"start":{"line":228,"column":13},"end":{"line":231,"column":9}}],"line":223},"29":{"loc":{"start":{"line":243,"column":8},"end":{"line":261,"column":9}},"type":"if","locations":[{"start":{"line":243,"column":8},"end":{"line":261,"column":9}},{"start":{"line":248,"column":13},"end":{"line":261,"column":9}}],"line":243},"30":{"loc":{"start":{"line":243,"column":12},"end":{"line":243,"column":103}},"type":"binary-expr","locations":[{"start":{"line":243,"column":12},"end":{"line":243,"column":31}},{"start":{"line":243,"column":35},"end":{"line":243,"column":103}}],"line":243},"31":{"loc":{"start":{"line":248,"column":13},"end":{"line":261,"column":9}},"type":"if","locations":[{"start":{"line":248,"column":13},"end":{"line":261,"column":9}},{"start":{"line":253,"column":13},"end":{"line":261,"column":9}}],"line":248},"32":{"loc":{"start":{"line":248,"column":17},"end":{"line":248,"column":110}},"type":"binary-expr","locations":[{"start":{"line":248,"column":17},"end":{"line":248,"column":37}},{"start":{"line":248,"column":41},"end":{"line":248,"column":110}}],"line":248},"33":{"loc":{"start":{"line":253,"column":13},"end":{"line":261,"column":9}},"type":"if","locations":[{"start":{"line":253,"column":13},"end":{"line":261,"column":9}},{"start":{"line":258,"column":13},"end":{"line":261,"column":9}}],"line":253},"34":{"loc":{"start":{"line":253,"column":17},"end":{"line":253,"column":112}},"type":"binary-expr","locations":[{"start":{"line":253,"column":17},"end":{"line":253,"column":38}},{"start":{"line":253,"column":42},"end":{"line":253,"column":112}}],"line":253},"35":{"loc":{"start":{"line":273,"column":8},"end":{"line":294,"column":9}},"type":"if","locations":[{"start":{"line":273,"column":8},"end":{"line":294,"column":9}},{"start":{"line":278,"column":13},"end":{"line":294,"column":9}}],"line":273},"36":{"loc":{"start":{"line":273,"column":12},"end":{"line":273,"column":106}},"type":"binary-expr","locations":[{"start":{"line":273,"column":12},"end":{"line":273,"column":31}},{"start":{"line":273,"column":35},"end":{"line":273,"column":106}}],"line":273},"37":{"loc":{"start":{"line":278,"column":13},"end":{"line":294,"column":9}},"type":"if","locations":[{"start":{"line":278,"column":13},"end":{"line":294,"column":9}},{"start":{"line":283,"column":13},"end":{"line":294,"column":9}}],"line":278},"38":{"loc":{"start":{"line":278,"column":17},"end":{"line":278,"column":113}},"type":"binary-expr","locations":[{"start":{"line":278,"column":17},"end":{"line":278,"column":37}},{"start":{"line":278,"column":41},"end":{"line":278,"column":113}}],"line":278},"39":{"loc":{"start":{"line":283,"column":13},"end":{"line":294,"column":9}},"type":"if","locations":[{"start":{"line":283,"column":13},"end":{"line":294,"column":9}},{"start":{"line":288,"column":13},"end":{"line":294,"column":9}}],"line":283},"40":{"loc":{"start":{"line":283,"column":17},"end":{"line":283,"column":115}},"type":"binary-expr","locations":[{"start":{"line":283,"column":17},"end":{"line":283,"column":38}},{"start":{"line":283,"column":42},"end":{"line":283,"column":115}}],"line":283},"41":{"loc":{"start":{"line":309,"column":8},"end":{"line":372,"column":9}},"type":"if","locations":[{"start":{"line":309,"column":8},"end":{"line":372,"column":9}},{"start":{"line":329,"column":13},"end":{"line":372,"column":9}}],"line":309},"42":{"loc":{"start":{"line":309,"column":12},"end":{"line":309,"column":96}},"type":"binary-expr","locations":[{"start":{"line":309,"column":12},"end":{"line":309,"column":31}},{"start":{"line":309,"column":35},"end":{"line":309,"column":96}}],"line":309},"43":{"loc":{"start":{"line":321,"column":12},"end":{"line":326,"column":13}},"type":"if","locations":[{"start":{"line":321,"column":12},"end":{"line":326,"column":13}},{"start":{"line":323,"column":17},"end":{"line":326,"column":13}}],"line":321},"44":{"loc":{"start":{"line":329,"column":13},"end":{"line":372,"column":9}},"type":"if","locations":[{"start":{"line":329,"column":13},"end":{"line":372,"column":9}},{"start":{"line":349,"column":13},"end":{"line":372,"column":9}}],"line":329},"45":{"loc":{"start":{"line":329,"column":17},"end":{"line":329,"column":103}},"type":"binary-expr","locations":[{"start":{"line":329,"column":17},"end":{"line":329,"column":37}},{"start":{"line":329,"column":41},"end":{"line":329,"column":103}}],"line":329},"46":{"loc":{"start":{"line":342,"column":12},"end":{"line":347,"column":13}},"type":"if","locations":[{"start":{"line":342,"column":12},"end":{"line":347,"column":13}},{"start":{"line":344,"column":17},"end":{"line":347,"column":13}}],"line":342},"47":{"loc":{"start":{"line":349,"column":13},"end":{"line":372,"column":9}},"type":"if","locations":[{"start":{"line":349,"column":13},"end":{"line":372,"column":9}},{"start":{"line":369,"column":13},"end":{"line":372,"column":9}}],"line":349},"48":{"loc":{"start":{"line":349,"column":17},"end":{"line":349,"column":105}},"type":"binary-expr","locations":[{"start":{"line":349,"column":17},"end":{"line":349,"column":38}},{"start":{"line":349,"column":42},"end":{"line":349,"column":105}}],"line":349},"49":{"loc":{"start":{"line":362,"column":12},"end":{"line":367,"column":13}},"type":"if","locations":[{"start":{"line":362,"column":12},"end":{"line":367,"column":13}},{"start":{"line":364,"column":17},"end":{"line":367,"column":13}}],"line":362},"50":{"loc":{"start":{"line":382,"column":8},"end":{"line":387,"column":9}},"type":"if","locations":[{"start":{"line":382,"column":8},"end":{"line":387,"column":9}},{"start":{"line":384,"column":13},"end":{"line":387,"column":9}}],"line":382}},"s":{"0":1,"1":1,"2":1,"3":1,"4":1,"5":1,"6":1,"7":1,"8":5,"9":3,"10":3,"11":3,"12":3,"13":3,"14":3,"15":1,"16":2,"17":1,"18":1,"19":1,"20":2,"21":2,"22":2,"23":2,"24":1,"25":1,"26":1,"27":1,"28":5,"29":3,"30":3,"31":3,"32":3,"33":3,"34":3,"35":1,"36":2,"37":1,"38":1,"39":1,"40":2,"41":2,"42":2,"43":2,"44":1,"45":1,"46":1,"47":1,"48":1,"49":5,"50":3,"51":3,"52":3,"53":3,"54":3,"55":3,"56":1,"57":2,"58":1,"59":1,"60":1,"61":2,"62":2,"63":2,"64":2,"65":1,"66":1,"67":1,"68":1,"69":9,"70":9,"71":9,"72":9,"73":9,"74":9,"75":9,"76":8,"77":8,"78":8,"79":8,"80":1,"81":0,"82":0,"83":0,"84":0,"85":1,"86":0,"87":0,"88":0,"89":0,"90":1,"91":0,"92":0,"93":0,"94":0,"95":0,"96":0,"97":0,"98":0,"99":0,"100":0,"101":0,"102":0,"103":1,"104":1,"105":2,"106":2,"107":2,"108":2,"109":2,"110":2,"111":1,"112":1,"113":1,"114":1,"115":1,"116":1,"117":1,"118":0,"119":0,"120":0,"121":0,"122":0,"123":0,"124":4,"125":4,"126":4,"127":4,"128":4,"129":4,"130":0,"131":0,"132":0,"133":4,"134":0,"135":0,"136":0,"137":4,"138":0,"139":0,"140":0,"141":4,"142":4,"143":0,"144":0,"145":0,"146":0,"147":0,"148":0,"149":0,"150":0,"151":0,"152":0,"153":0,"154":0,"155":0,"156":0,"157":0,"158":0,"159":0,"160":0,"161":0,"162":0,"163":0,"164":3,"165":3,"166":3,"167":3,"168":3,"169":3,"170":3,"171":3,"172":0,"173":0,"174":0,"175":0,"176":0,"177":0,"178":0,"179":0,"180":0,"181":3,"182":2,"183":2,"184":2,"185":2,"186":2,"187":0,"188":0,"189":0,"190":0,"191":0,"192":1,"193":1,"194":1,"195":1,"196":1,"197":1,"198":0,"199":0,"200":0,"201":0,"202":0,"203":0,"204":0,"205":2,"206":2,"207":0,"208":2,"209":0,"210":2,"211":2,"212":1},"f":{"0":5,"1":5,"2":5,"3":9,"4":2,"5":4,"6":0,"7":3,"8":0,"9":0,"10":0,"11":2,"12":0},"b":{"0":[3,2],"1":[1,2],"2":[1,1],"3":[1,0],"4":[1,1],"5":[3,2],"6":[1,2],"7":[1,1],"8":[1,0],"9":[1,1],"10":[3,2],"11":[1,2],"12":[1,1],"13":[1,0],"14":[1,1],"15":[8,1],"16":[9,8,8],"17":[0,1],"18":[1,0,0],"19":[0,1],"20":[1,0,0],"21":[0,1],"22":[1,1,1],"23":[0,0],"24":[0,0],"25":[0,0],"26":[1,1],"27":[1,0],"28":[0,0],"29":[0,4],"30":[4,1],"31":[0,4],"32":[4,2],"33":[0,4],"34":[4,0],"35":[0,0],"36":[0,0],"37":[0,0],"38":[0,0],"39":[0,0],"40":[0,0],"41":[0,3],"42":[3,0],"43":[0,0],"44":[2,1],"45":[3,2],"46":[0,0],"47":[1,0],"48":[1,1],"49":[0,0],"50":[0,2]},"_coverageSchema":"1a1c01bbd47fc00a2c39e90264f33305004495a9","hash":"eab6cf4ac1289d7468ea0a2f1160d19b81e28bf0"}
,"E:\\YEAR 3 TERM 2\\STSWENG\\STSWENG_XX22_G1\\controllers\\securityController.js": {"path":"E:\\YEAR 3 TERM 2\\STSWENG\\STSWENG_XX22_G1\\controllers\\securityController.js","statementMap":{"0":{"start":{"line":1,"column":11},"end":{"line":1,"column":37}},"1":{"start":{"line":3,"column":13},"end":{"line":3,"column":43}},"2":{"start":{"line":4,"column":14},"end":{"line":4,"column":45}},"3":{"start":{"line":5,"column":15},"end":{"line":5,"column":47}},"4":{"start":{"line":8,"column":15},"end":{"line":8,"column":32}},"5":{"start":{"line":10,"column":27},"end":{"line":69,"column":1}},"6":{"start":{"line":14,"column":22},"end":{"line":14,"column":54}},"7":{"start":{"line":16,"column":27},"end":{"line":16,"column":38}},"8":{"start":{"line":18,"column":28},"end":{"line":18,"column":70}},"9":{"start":{"line":19,"column":29},"end":{"line":19,"column":72}},"10":{"start":{"line":20,"column":30},"end":{"line":20,"column":74}},"11":{"start":{"line":21,"column":22},"end":{"line":21,"column":24}},"12":{"start":{"line":23,"column":8},"end":{"line":39,"column":9}},"13":{"start":{"line":24,"column":12},"end":{"line":26,"column":13}},"14":{"start":{"line":27,"column":15},"end":{"line":39,"column":9}},"15":{"start":{"line":28,"column":12},"end":{"line":30,"column":13}},"16":{"start":{"line":31,"column":15},"end":{"line":39,"column":9}},"17":{"start":{"line":32,"column":12},"end":{"line":34,"column":13}},"18":{"start":{"line":38,"column":10},"end":{"line":38,"column":46}},"19":{"start":{"line":41,"column":8},"end":{"line":41,"column":40}},"20":{"start":{"line":46,"column":26},"end":{"line":46,"column":44}},"21":{"start":{"line":47,"column":30},"end":{"line":47,"column":57}},"22":{"start":{"line":49,"column":8},"end":{"line":67,"column":9}},"23":{"start":{"line":50,"column":26},"end":{"line":50,"column":50}},"24":{"start":{"line":51,"column":31},"end":{"line":51,"column":56}},"25":{"start":{"line":52,"column":32},"end":{"line":52,"column":74}},"26":{"start":{"line":53,"column":33},"end":{"line":53,"column":76}},"27":{"start":{"line":54,"column":34},"end":{"line":54,"column":78}},"28":{"start":{"line":56,"column":12},"end":{"line":63,"column":64}},"29":{"start":{"line":57,"column":7},"end":{"line":57,"column":67}},"30":{"start":{"line":58,"column":17},"end":{"line":63,"column":64}},"31":{"start":{"line":59,"column":7},"end":{"line":59,"column":72}},"32":{"start":{"line":60,"column":17},"end":{"line":63,"column":64}},"33":{"start":{"line":61,"column":7},"end":{"line":61,"column":73}},"34":{"start":{"line":63,"column":16},"end":{"line":63,"column":64}},"35":{"start":{"line":66,"column":10},"end":{"line":66,"column":36}},"36":{"start":{"line":71,"column":0},"end":{"line":71,"column":36}}},"fnMap":{"0":{"name":"(anonymous_0)","decl":{"start":{"line":12,"column":18},"end":{"line":12,"column":19}},"loc":{"start":{"line":12,"column":44},"end":{"line":42,"column":5}},"line":12},"1":{"name":"(anonymous_1)","decl":{"start":{"line":44,"column":19},"end":{"line":44,"column":20}},"loc":{"start":{"line":44,"column":45},"end":{"line":68,"column":5}},"line":44}},"branchMap":{"0":{"loc":{"start":{"line":23,"column":8},"end":{"line":39,"column":9}},"type":"if","locations":[{"start":{"line":23,"column":8},"end":{"line":39,"column":9}},{"start":{"line":27,"column":15},"end":{"line":39,"column":9}}],"line":23},"1":{"loc":{"start":{"line":27,"column":15},"end":{"line":39,"column":9}},"type":"if","locations":[{"start":{"line":27,"column":15},"end":{"line":39,"column":9}},{"start":{"line":31,"column":15},"end":{"line":39,"column":9}}],"line":27},"2":{"loc":{"start":{"line":31,"column":15},"end":{"line":39,"column":9}},"type":"if","locations":[{"start":{"line":31,"column":15},"end":{"line":39,"column":9}},{"start":{"line":37,"column":13},"end":{"line":39,"column":9}}],"line":31},"3":{"loc":{"start":{"line":56,"column":12},"end":{"line":63,"column":64}},"type":"if","locations":[{"start":{"line":56,"column":12},"end":{"line":63,"column":64}},{"start":{"line":58,"column":17},"end":{"line":63,"column":64}}],"line":56},"4":{"loc":{"start":{"line":56,"column":16},"end":{"line":56,"column":101}},"type":"binary-expr","locations":[{"start":{"line":56,"column":16},"end":{"line":56,"column":35}},{"start":{"line":56,"column":39},"end":{"line":56,"column":101}}],"line":56},"5":{"loc":{"start":{"line":58,"column":17},"end":{"line":63,"column":64}},"type":"if","locations":[{"start":{"line":58,"column":17},"end":{"line":63,"column":64}},{"start":{"line":60,"column":17},"end":{"line":63,"column":64}}],"line":58},"6":{"loc":{"start":{"line":58,"column":21},"end":{"line":58,"column":108}},"type":"binary-expr","locations":[{"start":{"line":58,"column":21},"end":{"line":58,"column":41}},{"start":{"line":58,"column":45},"end":{"line":58,"column":108}}],"line":58},"7":{"loc":{"start":{"line":60,"column":17},"end":{"line":63,"column":64}},"type":"if","locations":[{"start":{"line":60,"column":17},"end":{"line":63,"column":64}},{"start":{"line":63,"column":16},"end":{"line":63,"column":64}}],"line":60},"8":{"loc":{"start":{"line":60,"column":21},"end":{"line":60,"column":110}},"type":"binary-expr","locations":[{"start":{"line":60,"column":21},"end":{"line":60,"column":42}},{"start":{"line":60,"column":46},"end":{"line":60,"column":110}}],"line":60}},"s":{"0":1,"1":1,"2":1,"3":1,"4":1,"5":1,"6":3,"7":3,"8":3,"9":3,"10":3,"11":3,"12":3,"13":1,"14":2,"15":1,"16":1,"17":1,"18":0,"19":3,"20":5,"21":5,"22":5,"23":5,"24":5,"25":5,"26":5,"27":5,"28":5,"29":1,"30":4,"31":1,"32":3,"33":1,"34":2,"35":0,"36":1},"f":{"0":3,"1":5},"b":{"0":[1,2],"1":[1,1],"2":[1,0],"3":[1,4],"4":[5,2],"5":[1,3],"6":[4,1],"7":[1,2],"8":[3,1]},"_coverageSchema":"1a1c01bbd47fc00a2c39e90264f33305004495a9","hash":"757ca537b85eeb9d3fa1604b3f9b35a9c869c505"}
,"E:\\YEAR 3 TERM 2\\STSWENG\\STSWENG_XX22_G1\\models\\admindb.js": {"path":"E:\\YEAR 3 TERM 2\\STSWENG\\STSWENG_XX22_G1\\models\\admindb.js","statementMap":{"0":{"start":{"line":1,"column":15},"end":{"line":1,"column":34}},"1":{"start":{"line":3,"column":19},"end":{"line":40,"column":2}},"2":{"start":{"line":42,"column":0},"end":{"line":42,"column":55}}},"fnMap":{},"branchMap":{},"s":{"0":3,"1":3,"2":3},"f":{},"b":{},"_coverageSchema":"1a1c01bbd47fc00a2c39e90264f33305004495a9","hash":"994bf51b10e7f2344449c8d63e4bf23ee4b53ba1"}
,"E:\\YEAR 3 TERM 2\\STSWENG\\STSWENG_XX22_G1\\models\\db.js": {"path":"E:\\YEAR 3 TERM 2\\STSWENG\\STSWENG_XX22_G1\\models\\db.js","statementMap":{"0":{"start":{"line":3,"column":17},"end":{"line":3,"column":36}},"1":{"start":{"line":6,"column":12},"end":{"line":6,"column":118}},"2":{"start":{"line":10,"column":16},"end":{"line":13,"column":1}},"3":{"start":{"line":16,"column":17},"end":{"line":94,"column":1}},"4":{"start":{"line":22,"column":8},"end":{"line":22,"column":45}},"5":{"start":{"line":23,"column":8},"end":{"line":23,"column":44}},"6":{"start":{"line":30,"column":8},"end":{"line":30,"column":39}},"7":{"start":{"line":37,"column":8},"end":{"line":37,"column":44}},"8":{"start":{"line":47,"column":8},"end":{"line":47,"column":48}},"9":{"start":{"line":57,"column":8},"end":{"line":57,"column":51}},"10":{"start":{"line":66,"column":8},"end":{"line":66,"column":53}},"11":{"start":{"line":75,"column":8},"end":{"line":75,"column":54}},"12":{"start":{"line":83,"column":8},"end":{"line":83,"column":49}},"13":{"start":{"line":91,"column":8},"end":{"line":91,"column":50}},"14":{"start":{"line":100,"column":0},"end":{"line":100,"column":26}}},"fnMap":{"0":{"name":"(anonymous_0)","decl":{"start":{"line":21,"column":13},"end":{"line":21,"column":14}},"loc":{"start":{"line":21,"column":31},"end":{"line":24,"column":5}},"line":21},"1":{"name":"(anonymous_1)","decl":{"start":{"line":29,"column":16},"end":{"line":29,"column":17}},"loc":{"start":{"line":29,"column":43},"end":{"line":31,"column":5}},"line":29},"2":{"name":"(anonymous_2)","decl":{"start":{"line":36,"column":17},"end":{"line":36,"column":18}},"loc":{"start":{"line":36,"column":45},"end":{"line":38,"column":5}},"line":36},"3":{"name":"(anonymous_3)","decl":{"start":{"line":46,"column":14},"end":{"line":46,"column":15}},"loc":{"start":{"line":46,"column":55},"end":{"line":48,"column":5}},"line":46},"4":{"name":"(anonymous_4)","decl":{"start":{"line":56,"column":15},"end":{"line":56,"column":16}},"loc":{"start":{"line":56,"column":56},"end":{"line":58,"column":5}},"line":56},"5":{"name":"(anonymous_5)","decl":{"start":{"line":65,"column":16},"end":{"line":65,"column":17}},"loc":{"start":{"line":65,"column":54},"end":{"line":67,"column":5}},"line":65},"6":{"name":"(anonymous_6)","decl":{"start":{"line":74,"column":17},"end":{"line":74,"column":18}},"loc":{"start":{"line":74,"column":55},"end":{"line":76,"column":5}},"line":74},"7":{"name":"(anonymous_7)","decl":{"start":{"line":82,"column":16},"end":{"line":82,"column":17}},"loc":{"start":{"line":82,"column":50},"end":{"line":84,"column":5}},"line":82},"8":{"name":"(anonymous_8)","decl":{"start":{"line":90,"column":17},"end":{"line":90,"column":18}},"loc":{"start":{"line":90,"column":51},"end":{"line":92,"column":5}},"line":90}},"branchMap":{},"s":{"0":3,"1":3,"2":3,"3":3,"4":0,"5":0,"6":0,"7":0,"8":0,"9":0,"10":0,"11":0,"12":0,"13":0,"14":3},"f":{"0":0,"1":0,"2":0,"3":0,"4":0,"5":0,"6":0,"7":0,"8":0},"b":{},"_coverageSchema":"1a1c01bbd47fc00a2c39e90264f33305004495a9","hash":"de5f5c9a08645d653058c866a450f9fe0c9f30b4"}
,"E:\\YEAR 3 TERM 2\\STSWENG\\STSWENG_XX22_G1\\models\\driverdb.js": {"path":"E:\\YEAR 3 TERM 2\\STSWENG\\STSWENG_XX22_G1\\models\\driverdb.js","statementMap":{"0":{"start":{"line":1,"column":15},"end":{"line":1,"column":34}},"1":{"start":{"line":3,"column":20},"end":{"line":16,"column":2}},"2":{"start":{"line":18,"column":0},"end":{"line":18,"column":57}}},"fnMap":{},"branchMap":{},"s":{"0":3,"1":3,"2":3},"f":{},"b":{},"_coverageSchema":"1a1c01bbd47fc00a2c39e90264f33305004495a9","hash":"9961480ea9e8e533f9d0eab9c44c9f85f4196d86"}
,"E:\\YEAR 3 TERM 2\\STSWENG\\STSWENG_XX22_G1\\models\\reservationdb.js": {"path":"E:\\YEAR 3 TERM 2\\STSWENG\\STSWENG_XX22_G1\\models\\reservationdb.js","statementMap":{"0":{"start":{"line":1,"column":15},"end":{"line":1,"column":34}},"1":{"start":{"line":3,"column":25},"end":{"line":32,"column":2}},"2":{"start":{"line":34,"column":0},"end":{"line":34,"column":67}}},"fnMap":{},"branchMap":{},"s":{"0":1,"1":1,"2":1},"f":{},"b":{},"_coverageSchema":"1a1c01bbd47fc00a2c39e90264f33305004495a9","hash":"31ecc84c253a170f04d4eabdc00ba6594d2bf435"}
,"E:\\YEAR 3 TERM 2\\STSWENG\\STSWENG_XX22_G1\\models\\userdb.js": {"path":"E:\\YEAR 3 TERM 2\\STSWENG\\STSWENG_XX22_G1\\models\\userdb.js","statementMap":{"0":{"start":{"line":1,"column":15},"end":{"line":1,"column":34}},"1":{"start":{"line":3,"column":18},"end":{"line":40,"column":2}},"2":{"start":{"line":42,"column":0},"end":{"line":42,"column":53}}},"fnMap":{},"branchMap":{},"s":{"0":3,"1":3,"2":3},"f":{},"b":{},"_coverageSchema":"1a1c01bbd47fc00a2c39e90264f33305004495a9","hash":"0dcc94dcd325e89180080c99cf1c7ce2fe4d895b"}
}
