{"C:\\Users\\Aaron\\Desktop\\STSWENG_XX22_G1\\controllers\\loginController.js": {"path":"C:\\Users\\Aaron\\Desktop\\STSWENG_XX22_G1\\controllers\\loginController.js","statementMap":{"0":{"start":{"line":1,"column":11},"end":{"line":1,"column":37}},"1":{"start":{"line":3,"column":15},"end":{"line":3,"column":32}},"2":{"start":{"line":5,"column":13},"end":{"line":5,"column":43}},"3":{"start":{"line":7,"column":14},"end":{"line":7,"column":45}},"4":{"start":{"line":9,"column":24},"end":{"line":65,"column":1}},"5":{"start":{"line":13,"column":8},"end":{"line":31,"column":9}},"6":{"start":{"line":15,"column":24},"end":{"line":15,"column":60}},"7":{"start":{"line":16,"column":29},"end":{"line":16,"column":45}},"8":{"start":{"line":17,"column":25},"end":{"line":17,"column":67}},"9":{"start":{"line":18,"column":26},"end":{"line":18,"column":69}},"10":{"start":{"line":20,"column":10},"end":{"line":26,"column":11}},"11":{"start":{"line":21,"column":12},"end":{"line":21,"column":84}},"12":{"start":{"line":22,"column":17},"end":{"line":26,"column":11}},"13":{"start":{"line":23,"column":12},"end":{"line":23,"column":89}},"14":{"start":{"line":25,"column":12},"end":{"line":25,"column":51}},"15":{"start":{"line":30,"column":10},"end":{"line":30,"column":30}},"16":{"start":{"line":36,"column":26},"end":{"line":36,"column":48}},"17":{"start":{"line":37,"column":25},"end":{"line":37,"column":47}},"18":{"start":{"line":39,"column":8},"end":{"line":62,"column":11}},"19":{"start":{"line":40,"column":24},"end":{"line":40,"column":48}},"20":{"start":{"line":41,"column":29},"end":{"line":41,"column":57}},"21":{"start":{"line":42,"column":25},"end":{"line":42,"column":67}},"22":{"start":{"line":43,"column":26},"end":{"line":43,"column":69}},"23":{"start":{"line":45,"column":10},"end":{"line":58,"column":11}},"24":{"start":{"line":47,"column":12},"end":{"line":47,"column":53}},"25":{"start":{"line":49,"column":12},"end":{"line":49,"column":66}},"26":{"start":{"line":50,"column":17},"end":{"line":58,"column":11}},"27":{"start":{"line":52,"column":12},"end":{"line":52,"column":54}},"28":{"start":{"line":54,"column":12},"end":{"line":54,"column":66}},"29":{"start":{"line":57,"column":12},"end":{"line":57,"column":51}},"30":{"start":{"line":61,"column":12},"end":{"line":61,"column":38}},"31":{"start":{"line":67,"column":0},"end":{"line":67,"column":33}}},"fnMap":{"0":{"name":"(anonymous_0)","decl":{"start":{"line":11,"column":15},"end":{"line":11,"column":16}},"loc":{"start":{"line":11,"column":41},"end":{"line":33,"column":5}},"line":11},"1":{"name":"(anonymous_1)","decl":{"start":{"line":35,"column":16},"end":{"line":35,"column":17}},"loc":{"start":{"line":35,"column":42},"end":{"line":63,"column":9}},"line":35}},"branchMap":{"0":{"loc":{"start":{"line":13,"column":8},"end":{"line":31,"column":9}},"type":"if","locations":[{"start":{"line":13,"column":8},"end":{"line":31,"column":9}},{"start":{"line":29,"column":12},"end":{"line":31,"column":9}}],"line":13},"1":{"loc":{"start":{"line":20,"column":10},"end":{"line":26,"column":11}},"type":"if","locations":[{"start":{"line":20,"column":10},"end":{"line":26,"column":11}},{"start":{"line":22,"column":17},"end":{"line":26,"column":11}}],"line":20},"2":{"loc":{"start":{"line":22,"column":17},"end":{"line":26,"column":11}},"type":"if","locations":[{"start":{"line":22,"column":17},"end":{"line":26,"column":11}},{"start":{"line":24,"column":17},"end":{"line":26,"column":11}}],"line":22},"3":{"loc":{"start":{"line":45,"column":10},"end":{"line":58,"column":11}},"type":"if","locations":[{"start":{"line":45,"column":10},"end":{"line":58,"column":11}},{"start":{"line":50,"column":17},"end":{"line":58,"column":11}}],"line":45},"4":{"loc":{"start":{"line":45,"column":14},"end":{"line":45,"column":71}},"type":"binary-expr","locations":[{"start":{"line":45,"column":14},"end":{"line":45,"column":20}},{"start":{"line":45,"column":24},"end":{"line":45,"column":71}}],"line":45},"5":{"loc":{"start":{"line":50,"column":17},"end":{"line":58,"column":11}},"type":"if","locations":[{"start":{"line":50,"column":17},"end":{"line":58,"column":11}},{"start":{"line":56,"column":17},"end":{"line":58,"column":11}}],"line":50},"6":{"loc":{"start":{"line":50,"column":21},"end":{"line":50,"column":80}},"type":"binary-expr","locations":[{"start":{"line":50,"column":21},"end":{"line":50,"column":28}},{"start":{"line":50,"column":32},"end":{"line":50,"column":80}}],"line":50}},"s":{"0":1,"1":1,"2":1,"3":1,"4":1,"5":5,"6":4,"7":4,"8":4,"9":4,"10":4,"11":2,"12":2,"13":1,"14":1,"15":1,"16":5,"17":5,"18":5,"19":5,"20":5,"21":5,"22":4,"23":4,"24":2,"25":2,"26":2,"27":1,"28":1,"29":1,"30":3,"31":1},"f":{"0":5,"1":5},"b":{"0":[4,1],"1":[2,2],"2":[1,1],"3":[2,2],"4":[4,2],"5":[1,1],"6":[2,1]},"_coverageSchema":"1a1c01bbd47fc00a2c39e90264f33305004495a9","hash":"1f659c2c6027836f035cebbb9071e1472605fefd"}
,"C:\\Users\\Aaron\\Desktop\\STSWENG_XX22_G1\\controllers\\securityController.js": {"path":"C:\\Users\\Aaron\\Desktop\\STSWENG_XX22_G1\\controllers\\securityController.js","statementMap":{"0":{"start":{"line":1,"column":11},"end":{"line":1,"column":37}},"1":{"start":{"line":3,"column":13},"end":{"line":3,"column":43}},"2":{"start":{"line":4,"column":14},"end":{"line":4,"column":45}},"3":{"start":{"line":5,"column":15},"end":{"line":5,"column":47}},"4":{"start":{"line":8,"column":15},"end":{"line":8,"column":32}},"5":{"start":{"line":10,"column":27},"end":{"line":69,"column":1}},"6":{"start":{"line":14,"column":22},"end":{"line":14,"column":54}},"7":{"start":{"line":16,"column":27},"end":{"line":16,"column":38}},"8":{"start":{"line":18,"column":28},"end":{"line":18,"column":70}},"9":{"start":{"line":19,"column":29},"end":{"line":19,"column":72}},"10":{"start":{"line":20,"column":30},"end":{"line":20,"column":74}},"11":{"start":{"line":21,"column":22},"end":{"line":21,"column":24}},"12":{"start":{"line":23,"column":8},"end":{"line":39,"column":9}},"13":{"start":{"line":24,"column":12},"end":{"line":26,"column":13}},"14":{"start":{"line":27,"column":15},"end":{"line":39,"column":9}},"15":{"start":{"line":28,"column":12},"end":{"line":30,"column":13}},"16":{"start":{"line":31,"column":15},"end":{"line":39,"column":9}},"17":{"start":{"line":32,"column":12},"end":{"line":34,"column":13}},"18":{"start":{"line":38,"column":10},"end":{"line":38,"column":46}},"19":{"start":{"line":41,"column":8},"end":{"line":41,"column":40}},"20":{"start":{"line":46,"column":26},"end":{"line":46,"column":44}},"21":{"start":{"line":47,"column":30},"end":{"line":47,"column":57}},"22":{"start":{"line":49,"column":8},"end":{"line":67,"column":9}},"23":{"start":{"line":50,"column":26},"end":{"line":50,"column":50}},"24":{"start":{"line":51,"column":31},"end":{"line":51,"column":64}},"25":{"start":{"line":52,"column":32},"end":{"line":52,"column":74}},"26":{"start":{"line":53,"column":33},"end":{"line":53,"column":76}},"27":{"start":{"line":54,"column":34},"end":{"line":54,"column":78}},"28":{"start":{"line":56,"column":12},"end":{"line":63,"column":64}},"29":{"start":{"line":57,"column":7},"end":{"line":57,"column":66}},"30":{"start":{"line":58,"column":17},"end":{"line":63,"column":64}},"31":{"start":{"line":59,"column":7},"end":{"line":59,"column":71}},"32":{"start":{"line":60,"column":17},"end":{"line":63,"column":64}},"33":{"start":{"line":61,"column":7},"end":{"line":61,"column":72}},"34":{"start":{"line":63,"column":16},"end":{"line":63,"column":64}},"35":{"start":{"line":66,"column":10},"end":{"line":66,"column":36}},"36":{"start":{"line":71,"column":0},"end":{"line":71,"column":36}}},"fnMap":{"0":{"name":"(anonymous_0)","decl":{"start":{"line":12,"column":18},"end":{"line":12,"column":19}},"loc":{"start":{"line":12,"column":44},"end":{"line":42,"column":5}},"line":12},"1":{"name":"(anonymous_1)","decl":{"start":{"line":44,"column":19},"end":{"line":44,"column":20}},"loc":{"start":{"line":44,"column":45},"end":{"line":68,"column":5}},"line":44}},"branchMap":{"0":{"loc":{"start":{"line":23,"column":8},"end":{"line":39,"column":9}},"type":"if","locations":[{"start":{"line":23,"column":8},"end":{"line":39,"column":9}},{"start":{"line":27,"column":15},"end":{"line":39,"column":9}}],"line":23},"1":{"loc":{"start":{"line":27,"column":15},"end":{"line":39,"column":9}},"type":"if","locations":[{"start":{"line":27,"column":15},"end":{"line":39,"column":9}},{"start":{"line":31,"column":15},"end":{"line":39,"column":9}}],"line":27},"2":{"loc":{"start":{"line":31,"column":15},"end":{"line":39,"column":9}},"type":"if","locations":[{"start":{"line":31,"column":15},"end":{"line":39,"column":9}},{"start":{"line":37,"column":13},"end":{"line":39,"column":9}}],"line":31},"3":{"loc":{"start":{"line":56,"column":12},"end":{"line":63,"column":64}},"type":"if","locations":[{"start":{"line":56,"column":12},"end":{"line":63,"column":64}},{"start":{"line":58,"column":17},"end":{"line":63,"column":64}}],"line":56},"4":{"loc":{"start":{"line":56,"column":16},"end":{"line":56,"column":101}},"type":"binary-expr","locations":[{"start":{"line":56,"column":16},"end":{"line":56,"column":35}},{"start":{"line":56,"column":39},"end":{"line":56,"column":101}}],"line":56},"5":{"loc":{"start":{"line":58,"column":17},"end":{"line":63,"column":64}},"type":"if","locations":[{"start":{"line":58,"column":17},"end":{"line":63,"column":64}},{"start":{"line":60,"column":17},"end":{"line":63,"column":64}}],"line":58},"6":{"loc":{"start":{"line":58,"column":22},"end":{"line":58,"column":109}},"type":"binary-expr","locations":[{"start":{"line":58,"column":22},"end":{"line":58,"column":42}},{"start":{"line":58,"column":46},"end":{"line":58,"column":109}}],"line":58},"7":{"loc":{"start":{"line":60,"column":17},"end":{"line":63,"column":64}},"type":"if","locations":[{"start":{"line":60,"column":17},"end":{"line":63,"column":64}},{"start":{"line":63,"column":16},"end":{"line":63,"column":64}}],"line":60},"8":{"loc":{"start":{"line":60,"column":22},"end":{"line":60,"column":111}},"type":"binary-expr","locations":[{"start":{"line":60,"column":22},"end":{"line":60,"column":43}},{"start":{"line":60,"column":47},"end":{"line":60,"column":111}}],"line":60}},"s":{"0":1,"1":1,"2":1,"3":1,"4":1,"5":1,"6":3,"7":3,"8":3,"9":3,"10":3,"11":3,"12":3,"13":1,"14":2,"15":1,"16":1,"17":1,"18":0,"19":3,"20":5,"21":5,"22":5,"23":5,"24":5,"25":5,"26":5,"27":5,"28":5,"29":1,"30":4,"31":1,"32":3,"33":1,"34":2,"35":0,"36":1},"f":{"0":3,"1":5},"b":{"0":[1,2],"1":[1,1],"2":[1,0],"3":[1,4],"4":[5,2],"5":[1,3],"6":[4,1],"7":[1,2],"8":[3,1]},"_coverageSchema":"1a1c01bbd47fc00a2c39e90264f33305004495a9","hash":"4c3592acd865aeddc974c38cc3e606126b75aba1"}
,"C:\\Users\\Aaron\\Desktop\\STSWENG_XX22_G1\\models\\admindb.js": {"path":"C:\\Users\\Aaron\\Desktop\\STSWENG_XX22_G1\\models\\admindb.js","statementMap":{"0":{"start":{"line":1,"column":15},"end":{"line":1,"column":34}},"1":{"start":{"line":3,"column":19},"end":{"line":40,"column":2}},"2":{"start":{"line":42,"column":0},"end":{"line":42,"column":55}}},"fnMap":{},"branchMap":{},"s":{"0":2,"1":2,"2":2},"f":{},"b":{},"_coverageSchema":"1a1c01bbd47fc00a2c39e90264f33305004495a9","hash":"49c79d7850489675f5e19ed901e2ac5ef478fd87"}
,"C:\\Users\\Aaron\\Desktop\\STSWENG_XX22_G1\\models\\db.js": {"path":"C:\\Users\\Aaron\\Desktop\\STSWENG_XX22_G1\\models\\db.js","statementMap":{"0":{"start":{"line":3,"column":17},"end":{"line":3,"column":36}},"1":{"start":{"line":6,"column":12},"end":{"line":6,"column":118}},"2":{"start":{"line":10,"column":16},"end":{"line":13,"column":1}},"3":{"start":{"line":16,"column":17},"end":{"line":94,"column":1}},"4":{"start":{"line":22,"column":8},"end":{"line":22,"column":45}},"5":{"start":{"line":23,"column":8},"end":{"line":23,"column":44}},"6":{"start":{"line":30,"column":8},"end":{"line":30,"column":39}},"7":{"start":{"line":37,"column":8},"end":{"line":37,"column":44}},"8":{"start":{"line":47,"column":8},"end":{"line":47,"column":48}},"9":{"start":{"line":57,"column":8},"end":{"line":57,"column":51}},"10":{"start":{"line":66,"column":8},"end":{"line":66,"column":53}},"11":{"start":{"line":75,"column":8},"end":{"line":75,"column":54}},"12":{"start":{"line":83,"column":8},"end":{"line":83,"column":49}},"13":{"start":{"line":91,"column":8},"end":{"line":91,"column":50}},"14":{"start":{"line":100,"column":0},"end":{"line":100,"column":26}}},"fnMap":{"0":{"name":"(anonymous_0)","decl":{"start":{"line":21,"column":13},"end":{"line":21,"column":14}},"loc":{"start":{"line":21,"column":31},"end":{"line":24,"column":5}},"line":21},"1":{"name":"(anonymous_1)","decl":{"start":{"line":29,"column":16},"end":{"line":29,"column":17}},"loc":{"start":{"line":29,"column":43},"end":{"line":31,"column":5}},"line":29},"2":{"name":"(anonymous_2)","decl":{"start":{"line":36,"column":17},"end":{"line":36,"column":18}},"loc":{"start":{"line":36,"column":45},"end":{"line":38,"column":5}},"line":36},"3":{"name":"(anonymous_3)","decl":{"start":{"line":46,"column":14},"end":{"line":46,"column":15}},"loc":{"start":{"line":46,"column":55},"end":{"line":48,"column":5}},"line":46},"4":{"name":"(anonymous_4)","decl":{"start":{"line":56,"column":15},"end":{"line":56,"column":16}},"loc":{"start":{"line":56,"column":56},"end":{"line":58,"column":5}},"line":56},"5":{"name":"(anonymous_5)","decl":{"start":{"line":65,"column":16},"end":{"line":65,"column":17}},"loc":{"start":{"line":65,"column":54},"end":{"line":67,"column":5}},"line":65},"6":{"name":"(anonymous_6)","decl":{"start":{"line":74,"column":17},"end":{"line":74,"column":18}},"loc":{"start":{"line":74,"column":55},"end":{"line":76,"column":5}},"line":74},"7":{"name":"(anonymous_7)","decl":{"start":{"line":82,"column":16},"end":{"line":82,"column":17}},"loc":{"start":{"line":82,"column":50},"end":{"line":84,"column":5}},"line":82},"8":{"name":"(anonymous_8)","decl":{"start":{"line":90,"column":17},"end":{"line":90,"column":18}},"loc":{"start":{"line":90,"column":51},"end":{"line":92,"column":5}},"line":90}},"branchMap":{},"s":{"0":2,"1":2,"2":2,"3":2,"4":0,"5":0,"6":0,"7":0,"8":0,"9":0,"10":0,"11":0,"12":0,"13":0,"14":2},"f":{"0":0,"1":0,"2":0,"3":0,"4":0,"5":0,"6":0,"7":0,"8":0},"b":{},"_coverageSchema":"1a1c01bbd47fc00a2c39e90264f33305004495a9","hash":"11b2531a2d46184986b6df7d92942cf2348af651"}
,"C:\\Users\\Aaron\\Desktop\\STSWENG_XX22_G1\\models\\driverdb.js": {"path":"C:\\Users\\Aaron\\Desktop\\STSWENG_XX22_G1\\models\\driverdb.js","statementMap":{"0":{"start":{"line":1,"column":15},"end":{"line":1,"column":34}},"1":{"start":{"line":3,"column":20},"end":{"line":8,"column":2}},"2":{"start":{"line":10,"column":0},"end":{"line":10,"column":57}}},"fnMap":{},"branchMap":{},"s":{"0":2,"1":2,"2":2},"f":{},"b":{},"_coverageSchema":"1a1c01bbd47fc00a2c39e90264f33305004495a9","hash":"14411db7ff536e9321bbcd7b76f14856b13e0b12"}
,"C:\\Users\\Aaron\\Desktop\\STSWENG_XX22_G1\\models\\userdb.js": {"path":"C:\\Users\\Aaron\\Desktop\\STSWENG_XX22_G1\\models\\userdb.js","statementMap":{"0":{"start":{"line":1,"column":15},"end":{"line":1,"column":34}},"1":{"start":{"line":3,"column":18},"end":{"line":40,"column":2}},"2":{"start":{"line":42,"column":0},"end":{"line":42,"column":53}}},"fnMap":{},"branchMap":{},"s":{"0":2,"1":2,"2":2},"f":{},"b":{},"_coverageSchema":"1a1c01bbd47fc00a2c39e90264f33305004495a9","hash":"f7bbd43d6ab45393b6b3a72f81b92828640cda34"}
}
