TN:
SF:controllers\controller.js
FN:15,(anonymous_0)
FN:46,(anonymous_1)
FN:103,(anonymous_2)
FN:107,(anonymous_3)
FNF:4
FNH:2
FNDA:4,(anonymous_0)
FNDA:4,(anonymous_1)
FNDA:0,(anonymous_2)
FNDA:0,(anonymous_3)
DA:2,1
DA:4,1
DA:5,1
DA:6,1
DA:13,1
DA:17,4
DA:19,4
DA:21,3
DA:22,3
DA:23,3
DA:24,3
DA:25,3
DA:27,3
DA:28,1
DA:29,2
DA:30,1
DA:31,1
DA:32,1
DA:34,3
DA:37,1
DA:41,1
DA:48,4
DA:49,1
DA:52,3
DA:53,3
DA:55,3
DA:56,3
DA:57,3
DA:59,3
DA:61,3
DA:62,1
DA:72,2
DA:73,1
DA:83,1
DA:84,1
DA:95,3
DA:104,0
DA:108,0
DA:117,1
LF:39
LH:37
BRDA:19,0,0,3
BRDA:19,0,1,1
BRDA:27,1,0,1
BRDA:27,1,1,2
BRDA:29,2,0,1
BRDA:29,2,1,1
BRDA:31,3,0,1
BRDA:31,3,1,0
BRDA:48,4,0,1
BRDA:48,4,1,3
BRDA:61,5,0,1
BRDA:61,5,1,2
BRDA:72,6,0,1
BRDA:72,6,1,1
BRDA:83,7,0,1
BRDA:83,7,1,0
BRF:16
BRH:14
end_of_record
TN:
SF:controllers\editDriverController.js
FN:13,(anonymous_0)
FN:35,(anonymous_1)
FN:51,(anonymous_2)
FNF:3
FNH:3
FNDA:3,(anonymous_0)
FNDA:1,(anonymous_1)
FNDA:1,(anonymous_2)
DA:1,1
DA:3,1
DA:5,1
DA:6,1
DA:7,1
DA:9,1
DA:10,1
DA:12,1
DA:15,3
DA:16,1
DA:18,2
DA:19,2
DA:21,2
DA:23,2
DA:24,2
DA:25,1
DA:27,1
DA:28,1
DA:37,1
DA:39,1
DA:46,1
DA:48,1
DA:53,1
DA:55,1
DA:65,1
DA:67,1
DA:71,1
LF:27
LH:27
BRDA:15,0,0,1
BRDA:15,0,1,2
BRDA:24,1,0,1
BRDA:24,1,1,1
BRF:4
BRH:4
end_of_record
TN:
SF:controllers\forgotPassController.js
FN:12,(anonymous_0)
FN:16,(anonymous_1)
FN:76,(anonymous_2)
FNF:3
FNH:3
FNDA:1,(anonymous_0)
FNDA:5,(anonymous_1)
FNDA:5,(anonymous_2)
DA:1,1
DA:3,1
DA:4,1
DA:5,1
DA:7,1
DA:8,1
DA:10,1
DA:13,1
DA:17,5
DA:18,5
DA:19,5
DA:20,5
DA:21,5
DA:23,5
DA:25,5
DA:26,5
DA:27,5
DA:28,5
DA:29,5
DA:30,5
DA:31,5
DA:33,5
DA:34,1
DA:36,1
DA:42,1
DA:44,4
DA:45,1
DA:47,1
DA:52,1
DA:54,3
DA:55,1
DA:57,1
DA:62,1
DA:66,2
DA:71,0
DA:78,5
DA:79,5
DA:81,5
DA:83,4
DA:84,4
DA:86,4
DA:87,4
DA:88,4
DA:90,4
DA:91,4
DA:92,4
DA:93,4
DA:95,4
DA:96,1
DA:97,1
DA:98,1
DA:100,3
DA:101,1
DA:102,1
DA:103,1
DA:105,2
DA:106,1
DA:107,1
DA:108,1
DA:110,1
DA:111,1
DA:116,1
DA:124,1
LF:63
LH:62
BRDA:31,0,0,5
BRDA:31,0,1,0
BRDA:33,1,0,1
BRDA:33,1,1,4
BRDA:33,2,0,5
BRDA:33,2,1,1
BRDA:33,2,2,1
BRDA:44,3,0,1
BRDA:44,3,1,3
BRDA:44,4,0,4
BRDA:44,4,1,1
BRDA:44,4,2,1
BRDA:54,5,0,1
BRDA:54,5,1,2
BRDA:54,6,0,3
BRDA:54,6,1,1
BRDA:54,6,2,1
BRDA:81,7,0,4
BRDA:81,7,1,1
BRDA:95,8,0,1
BRDA:95,8,1,3
BRDA:100,9,0,1
BRDA:100,9,1,2
BRDA:105,10,0,1
BRDA:105,10,1,1
BRF:25
BRH:24
end_of_record
TN:
SF:controllers\loginController.js
FN:11,(anonymous_0)
FN:38,(anonymous_1)
FNF:2
FNH:2
FNDA:5,(anonymous_0)
FNDA:5,(anonymous_1)
DA:1,1
DA:3,1
DA:5,1
DA:6,1
DA:7,1
DA:9,1
DA:13,5
DA:15,4
DA:16,4
DA:17,4
DA:18,4
DA:19,4
DA:21,4
DA:22,1
DA:23,3
DA:24,1
DA:25,2
DA:26,1
DA:28,1
DA:33,1
DA:39,5
DA:40,5
DA:41,5
DA:43,5
DA:45,5
DA:46,5
DA:47,5
DA:48,5
DA:49,4
DA:50,4
DA:52,4
DA:54,1
DA:55,1
DA:56,3
DA:58,1
DA:59,1
DA:61,2
DA:63,1
DA:64,1
DA:67,1
DA:71,1
DA:77,1
LF:42
LH:42
BRDA:13,0,0,4
BRDA:13,0,1,1
BRDA:21,1,0,1
BRDA:21,1,1,3
BRDA:23,2,0,1
BRDA:23,2,1,2
BRDA:25,3,0,1
BRDA:25,3,1,1
BRDA:52,4,0,1
BRDA:52,4,1,3
BRDA:52,5,0,4
BRDA:52,5,1,1
BRDA:56,6,0,1
BRDA:56,6,1,2
BRDA:56,7,0,3
BRDA:56,7,1,1
BRDA:61,8,0,1
BRDA:61,8,1,1
BRDA:61,9,0,2
BRDA:61,9,1,1
BRF:20
BRH:20
end_of_record
TN:
SF:controllers\profileController.js
FN:15,(anonymous_0)
FN:56,(anonymous_1)
FN:100,(anonymous_2)
FN:144,(anonymous_3)
FN:185,(anonymous_4)
FN:233,(anonymous_5)
FN:267,(anonymous_6)
FN:310,(anonymous_7)
FN:355,(anonymous_8)
FN:377,(anonymous_9)
FN:399,(anonymous_10)
FN:420,(anonymous_11)
FN:445,(anonymous_12)
FN:447,(anonymous_13)
FNF:14
FNH:10
FNDA:5,(anonymous_0)
FNDA:5,(anonymous_1)
FNDA:5,(anonymous_2)
FNDA:6,(anonymous_3)
FNDA:5,(anonymous_4)
FNDA:2,(anonymous_5)
FNDA:5,(anonymous_6)
FNDA:5,(anonymous_7)
FNDA:4,(anonymous_8)
FNDA:0,(anonymous_9)
FNDA:0,(anonymous_10)
FNDA:0,(anonymous_11)
FNDA:1,(anonymous_12)
FNDA:0,(anonymous_13)
DA:1,5
DA:3,5
DA:4,5
DA:5,5
DA:7,5
DA:10,5
DA:11,5
DA:13,5
DA:16,5
DA:18,3
DA:19,3
DA:20,3
DA:21,3
DA:22,3
DA:24,3
DA:25,1
DA:26,2
DA:27,1
DA:28,1
DA:29,1
DA:31,2
DA:32,2
DA:33,2
DA:35,2
DA:37,1
DA:46,1
DA:47,1
DA:50,1
DA:58,5
DA:59,3
DA:60,3
DA:62,3
DA:63,3
DA:64,3
DA:65,3
DA:66,1
DA:67,2
DA:68,1
DA:69,1
DA:70,1
DA:72,2
DA:73,2
DA:75,2
DA:77,2
DA:80,1
DA:89,1
DA:90,1
DA:91,1
DA:93,1
DA:102,5
DA:103,3
DA:104,3
DA:106,3
DA:107,3
DA:108,3
DA:109,3
DA:110,1
DA:111,2
DA:112,1
DA:113,1
DA:114,1
DA:117,2
DA:118,2
DA:120,2
DA:122,2
DA:125,1
DA:134,1
DA:135,1
DA:137,1
DA:146,6
DA:148,6
DA:149,6
DA:151,6
DA:152,6
DA:153,6
DA:157,6
DA:159,1
DA:160,1
DA:162,5
DA:164,1
DA:165,1
DA:167,4
DA:169,1
DA:170,1
DA:171,1
DA:175,3
DA:176,3
DA:181,1
DA:186,5
DA:187,5
DA:189,5
DA:190,5
DA:191,5
DA:193,5
DA:196,5
DA:198,3
DA:200,1
DA:201,1
DA:203,2
DA:205,1
DA:206,1
DA:208,1
DA:210,1
DA:211,1
DA:215,0
DA:216,0
DA:221,2
DA:222,2
DA:227,1
DA:228,1
DA:229,1
DA:234,2
DA:235,2
DA:237,2
DA:238,2
DA:239,2
DA:241,2
DA:243,1
DA:244,1
DA:245,1
DA:247,1
DA:249,1
DA:250,1
DA:251,1
DA:253,0
DA:255,0
DA:256,0
DA:257,0
DA:261,0
DA:262,0
DA:269,5
DA:271,5
DA:272,5
DA:274,5
DA:275,5
DA:276,5
DA:278,5
DA:280,1
DA:281,1
DA:282,1
DA:284,4
DA:286,1
DA:287,1
DA:288,1
DA:290,3
DA:292,1
DA:293,1
DA:294,1
DA:298,2
DA:299,2
DA:304,1
DA:305,1
DA:306,1
DA:311,5
DA:313,5
DA:314,5
DA:316,5
DA:317,5
DA:318,5
DA:320,5
DA:322,1
DA:323,1
DA:324,1
DA:326,4
DA:328,1
DA:329,1
DA:330,1
DA:332,3
DA:334,1
DA:335,1
DA:336,1
DA:340,2
DA:341,2
DA:343,2
DA:344,2
DA:349,1
DA:350,1
DA:351,1
DA:356,4
DA:358,4
DA:359,4
DA:361,4
DA:362,4
DA:363,4
DA:365,4
DA:366,4
DA:368,4
DA:370,1
DA:371,1
DA:373,1
DA:377,1
DA:378,0
DA:381,1
DA:382,0
DA:384,1
DA:385,1
DA:389,3
DA:391,1
DA:392,1
DA:393,1
DA:395,1
DA:399,1
DA:400,0
DA:403,1
DA:404,0
DA:406,1
DA:407,1
DA:410,2
DA:412,1
DA:413,1
DA:414,1
DA:416,1
DA:420,1
DA:421,0
DA:424,1
DA:425,0
DA:427,1
DA:428,1
DA:433,1
DA:434,1
DA:439,0
DA:440,0
DA:446,1
DA:447,1
DA:448,0
DA:451,1
DA:452,0
DA:454,1
DA:455,1
DA:461,5
LF:230
LH:212
BRDA:16,0,0,3
BRDA:16,0,1,2
BRDA:24,1,0,1
BRDA:24,1,1,2
BRDA:26,2,0,1
BRDA:26,2,1,1
BRDA:28,3,0,1
BRDA:28,3,1,0
BRDA:35,4,0,1
BRDA:35,4,1,1
BRDA:58,5,0,3
BRDA:58,5,1,2
BRDA:65,6,0,1
BRDA:65,6,1,2
BRDA:67,7,0,1
BRDA:67,7,1,1
BRDA:69,8,0,1
BRDA:69,8,1,0
BRDA:77,9,0,1
BRDA:77,9,1,1
BRDA:102,10,0,3
BRDA:102,10,1,2
BRDA:109,11,0,1
BRDA:109,11,1,2
BRDA:111,12,0,1
BRDA:111,12,1,1
BRDA:113,13,0,1
BRDA:113,13,1,0
BRDA:122,14,0,1
BRDA:122,14,1,1
BRDA:157,15,0,1
BRDA:157,15,1,5
BRDA:157,16,0,6
BRDA:157,16,1,1
BRDA:157,16,2,1
BRDA:162,17,0,1
BRDA:162,17,1,4
BRDA:162,18,0,5
BRDA:162,18,1,1
BRDA:162,18,2,1
BRDA:167,19,0,1
BRDA:167,19,1,3
BRDA:167,20,0,4
BRDA:167,20,1,1
BRDA:167,20,2,1
BRDA:196,21,0,3
BRDA:196,21,1,2
BRDA:196,22,0,5
BRDA:196,22,1,4
BRDA:196,22,2,3
BRDA:196,22,3,3
BRDA:198,23,0,1
BRDA:198,23,1,2
BRDA:203,24,0,1
BRDA:203,24,1,1
BRDA:208,25,0,1
BRDA:208,25,1,0
BRDA:241,26,0,1
BRDA:241,26,1,1
BRDA:247,27,0,1
BRDA:247,27,1,0
BRDA:253,28,0,0
BRDA:253,28,1,0
BRDA:278,29,0,1
BRDA:278,29,1,4
BRDA:278,30,0,5
BRDA:278,30,1,1
BRDA:284,31,0,1
BRDA:284,31,1,3
BRDA:284,32,0,4
BRDA:284,32,1,1
BRDA:290,33,0,1
BRDA:290,33,1,2
BRDA:290,34,0,3
BRDA:290,34,1,1
BRDA:320,35,0,1
BRDA:320,35,1,4
BRDA:320,36,0,5
BRDA:320,36,1,1
BRDA:326,37,0,1
BRDA:326,37,1,3
BRDA:326,38,0,4
BRDA:326,38,1,1
BRDA:332,39,0,1
BRDA:332,39,1,2
BRDA:332,40,0,3
BRDA:332,40,1,1
BRDA:368,41,0,1
BRDA:368,41,1,3
BRDA:368,42,0,4
BRDA:368,42,1,1
BRDA:381,43,0,0
BRDA:381,43,1,1
BRDA:389,44,0,1
BRDA:389,44,1,2
BRDA:389,45,0,3
BRDA:389,45,1,1
BRDA:403,46,0,0
BRDA:403,46,1,1
BRDA:410,47,0,1
BRDA:410,47,1,1
BRDA:410,48,0,2
BRDA:410,48,1,1
BRDA:424,49,0,0
BRDA:424,49,1,1
BRDA:451,50,0,0
BRDA:451,50,1,1
BRF:107
BRH:96
end_of_record
TN:
SF:controllers\reservationController.js
FN:11,(anonymous_0)
FN:35,(anonymous_1)
FN:68,(anonymous_2)
FN:147,(anonymous_3)
FN:200,(anonymous_4)
FN:226,(anonymous_5)
FN:232,(anonymous_6)
FN:269,(anonymous_7)
FN:339,(anonymous_8)
FNF:9
FNH:9
FNDA:4,(anonymous_0)
FNDA:6,(anonymous_1)
FNDA:9,(anonymous_2)
FNDA:2,(anonymous_3)
FNDA:2,(anonymous_4)
FNDA:1,(anonymous_5)
FNDA:4,(anonymous_6)
FNDA:3,(anonymous_7)
FNDA:2,(anonymous_8)
DA:1,1
DA:3,1
DA:4,1
DA:5,1
DA:7,1
DA:9,1
DA:13,4
DA:14,1
DA:16,3
DA:17,3
DA:19,3
DA:20,3
DA:21,3
DA:23,3
DA:24,3
DA:25,3
DA:26,2
DA:28,1
DA:37,6
DA:39,3
DA:40,3
DA:42,3
DA:43,3
DA:45,3
DA:46,1
DA:48,2
DA:53,3
DA:54,3
DA:56,3
DA:57,3
DA:59,3
DA:60,1
DA:62,2
DA:76,9
DA:78,4
DA:80,4
DA:81,4
DA:83,4
DA:84,4
DA:86,4
DA:88,3
DA:92,1
DA:93,1
DA:99,5
DA:102,9
DA:111,9
DA:112,4
DA:113,4
DA:119,5
DA:121,4
DA:122,4
DA:125,1
DA:133,5
DA:135,3
DA:136,3
DA:140,2
DA:141,2
DA:148,2
DA:158,2
DA:168,2
DA:169,0
DA:170,0
DA:174,2
DA:175,2
DA:176,2
DA:177,2
DA:178,2
DA:182,2
DA:184,1
DA:185,1
DA:186,1
DA:190,1
DA:192,1
DA:193,1
DA:201,2
DA:211,2
DA:212,2
DA:213,2
DA:214,2
DA:215,1
DA:216,1
DA:219,1
DA:220,1
DA:221,1
DA:228,1
DA:234,4
DA:235,4
DA:237,4
DA:238,4
DA:240,4
DA:241,4
DA:242,4
DA:244,4
DA:245,1
DA:249,3
DA:250,3
DA:251,3
DA:253,3
DA:254,3
DA:255,2
DA:256,1
DA:257,1
DA:259,3
DA:260,2
DA:263,1
DA:270,3
DA:280,3
DA:290,3
DA:291,3
DA:292,3
DA:293,3
DA:295,3
DA:297,3
DA:300,2
DA:302,2
DA:304,0
DA:305,0
DA:308,2
DA:310,2
DA:311,2
DA:316,1
DA:318,1
DA:319,1
DA:321,1
DA:322,1
DA:323,0
DA:324,0
DA:326,1
DA:327,1
DA:330,0
DA:331,0
DA:332,0
DA:340,2
DA:350,2
DA:351,2
DA:352,2
DA:354,2
DA:355,2
DA:357,1
DA:359,1
DA:360,0
DA:361,0
DA:363,1
DA:364,1
DA:368,1
DA:369,1
DA:370,1
DA:377,1
LF:148
LH:137
BRDA:13,0,0,1
BRDA:13,0,1,3
BRDA:25,1,0,2
BRDA:25,1,1,1
BRDA:25,2,0,3
BRDA:25,2,1,2
BRDA:37,3,0,3
BRDA:37,3,1,3
BRDA:45,4,0,1
BRDA:45,4,1,2
BRDA:45,5,0,3
BRDA:45,5,1,2
BRDA:59,6,0,1
BRDA:59,6,1,2
BRDA:59,7,0,3
BRDA:59,7,1,2
BRDA:76,8,0,4
BRDA:76,8,1,5
BRDA:86,9,0,3
BRDA:86,9,1,1
BRDA:86,10,0,4
BRDA:86,10,1,2
BRDA:111,11,0,4
BRDA:111,11,1,5
BRDA:111,12,0,9
BRDA:111,12,1,8
BRDA:111,12,2,7
BRDA:111,12,3,6
BRDA:119,13,0,4
BRDA:119,13,1,1
BRDA:133,14,0,3
BRDA:133,14,1,2
BRDA:168,15,0,0
BRDA:168,15,1,2
BRDA:168,16,0,2
BRDA:168,16,1,2
BRDA:168,16,2,2
BRDA:168,16,3,2
BRDA:182,17,0,1
BRDA:182,17,1,1
BRDA:214,18,0,1
BRDA:214,18,1,1
BRDA:244,19,0,1
BRDA:244,19,1,3
BRDA:244,20,0,4
BRDA:244,20,1,2
BRDA:254,21,0,2
BRDA:254,21,1,1
BRDA:256,22,0,1
BRDA:256,22,1,0
BRDA:259,23,0,2
BRDA:259,23,1,1
BRDA:297,24,0,2
BRDA:297,24,1,1
BRDA:297,25,0,3
BRDA:297,25,1,1
BRDA:297,25,2,1
BRDA:297,25,3,1
BRDA:302,26,0,0
BRDA:302,26,1,2
BRDA:316,27,0,1
BRDA:316,27,1,0
BRDA:322,28,0,0
BRDA:322,28,1,1
BRDA:355,29,0,1
BRDA:355,29,1,1
BRDA:359,30,0,0
BRDA:359,30,1,1
BRF:68
BRH:62
end_of_record
TN:
SF:controllers\scheduleController.js
FN:35,(anonymous_0)
FN:60,(anonymous_1)
FN:64,(anonymous_2)
FN:90,(anonymous_3)
FN:94,(anonymous_4)
FN:129,(anonymous_5)
FNF:6
FNH:1
FNDA:3,(anonymous_0)
FNDA:0,(anonymous_1)
FNDA:0,(anonymous_2)
FNDA:0,(anonymous_3)
FNDA:0,(anonymous_4)
FNDA:0,(anonymous_5)
DA:1,1
DA:2,1
DA:3,1
DA:4,1
DA:5,1
DA:7,1
DA:13,1
DA:25,1
DA:34,1
DA:36,3
DA:37,3
DA:38,3
DA:40,3
DA:45,3
DA:50,3
DA:51,2
DA:53,2
DA:54,2
DA:56,2
DA:57,0
DA:59,0
DA:60,0
DA:61,0
DA:64,0
DA:65,0
DA:67,0
DA:68,0
DA:71,0
DA:75,0
DA:76,0
DA:77,0
DA:78,0
DA:79,0
DA:80,0
DA:81,0
DA:82,0
DA:84,0
DA:85,0
DA:87,0
DA:88,0
DA:90,0
DA:91,0
DA:94,0
DA:95,0
DA:98,0
DA:99,0
DA:110,0
DA:125,3
DA:126,3
DA:130,0
DA:131,0
DA:132,0
DA:136,1
LF:53
LH:22
BRDA:59,0,0,0
BRDA:59,0,1,0
BRDA:59,1,0,0
BRDA:59,1,1,0
BRF:4
BRH:0
end_of_record
TN:
SF:controllers\searchController.js
FN:9,(anonymous_0)
FN:13,(anonymous_1)
FN:33,(anonymous_2)
FN:64,(anonymous_3)
FNF:4
FNH:4
FNDA:1,(anonymous_0)
FNDA:1,(anonymous_1)
FNDA:4,(anonymous_2)
FNDA:1,(anonymous_3)
DA:1,1
DA:3,1
DA:5,1
DA:7,1
DA:10,1
DA:14,1
DA:15,1
DA:29,1
DA:30,1
DA:34,4
DA:36,4
DA:38,4
DA:40,4
DA:42,3
DA:51,3
DA:52,3
DA:53,3
DA:54,1
DA:56,3
DA:59,1
DA:66,1
DA:68,1
DA:70,1
DA:76,1
LF:24
LH:24
BRDA:22,0,0,1
BRDA:22,0,1,1
BRDA:40,1,0,3
BRDA:40,1,1,1
BRDA:53,2,0,1
BRDA:53,2,1,2
BRF:6
BRH:6
end_of_record
TN:
SF:controllers\securityController.js
FN:12,(anonymous_0)
FN:51,(anonymous_1)
FNF:2
FNH:2
FNDA:3,(anonymous_0)
FNDA:5,(anonymous_1)
DA:1,1
DA:3,1
DA:4,1
DA:5,1
DA:8,1
DA:10,1
DA:13,3
DA:15,3
DA:17,3
DA:19,3
DA:20,3
DA:21,3
DA:22,3
DA:24,3
DA:25,1
DA:28,2
DA:29,1
DA:32,1
DA:33,1
DA:38,0
DA:41,3
DA:45,0
DA:46,0
DA:53,5
DA:55,5
DA:57,5
DA:58,5
DA:59,5
DA:60,5
DA:61,5
DA:62,5
DA:64,5
DA:66,1
DA:67,1
DA:69,4
DA:71,1
DA:72,1
DA:74,3
DA:76,1
DA:77,1
DA:80,2
DA:84,0
DA:85,0
DA:90,1
LF:44
LH:39
BRDA:13,0,0,3
BRDA:13,0,1,0
BRDA:24,1,0,1
BRDA:24,1,1,2
BRDA:28,2,0,1
BRDA:28,2,1,1
BRDA:32,3,0,1
BRDA:32,3,1,0
BRDA:55,4,0,5
BRDA:55,4,1,0
BRDA:64,5,0,1
BRDA:64,5,1,4
BRDA:64,6,0,5
BRDA:64,6,1,2
BRDA:69,7,0,1
BRDA:69,7,1,3
BRDA:69,8,0,4
BRDA:69,8,1,1
BRDA:74,9,0,1
BRDA:74,9,1,2
BRDA:74,10,0,3
BRDA:74,10,1,1
BRF:22
BRH:19
end_of_record
TN:
SF:controllers\signupController.js
FN:15,(anonymous_0)
FN:19,(anonymous_1)
FN:61,(anonymous_2)
FN:78,(anonymous_3)
FNF:4
FNH:4
FNDA:1,(anonymous_0)
FNDA:3,(anonymous_1)
FNDA:4,(anonymous_2)
FNDA:4,(anonymous_3)
DA:1,1
DA:3,1
DA:6,1
DA:7,1
DA:9,1
DA:10,1
DA:11,1
DA:13,1
DA:16,1
DA:21,3
DA:23,3
DA:24,1
DA:26,1
DA:27,1
DA:28,2
DA:31,1
DA:34,2
DA:46,2
DA:48,2
DA:49,1
DA:50,1
DA:51,1
DA:54,1
DA:62,4
DA:63,4
DA:64,4
DA:65,4
DA:67,4
DA:68,1
DA:69,3
DA:70,1
DA:71,2
DA:72,1
DA:74,1
DA:79,4
DA:81,4
DA:82,4
DA:83,4
DA:85,4
DA:86,1
DA:87,3
DA:88,1
DA:89,2
DA:90,1
DA:92,1
DA:98,1
LF:46
LH:46
BRDA:23,0,0,1
BRDA:23,0,1,2
BRDA:48,1,0,1
BRDA:48,1,1,1
BRDA:67,2,0,1
BRDA:67,2,1,3
BRDA:69,3,0,1
BRDA:69,3,1,2
BRDA:71,4,0,1
BRDA:71,4,1,1
BRDA:85,5,0,1
BRDA:85,5,1,3
BRDA:87,6,0,1
BRDA:87,6,1,2
BRDA:89,7,0,1
BRDA:89,7,1,1
BRF:16
BRH:16
end_of_record
TN:
SF:models\admindb.js
FNF:0
FNH:0
DA:1,9
DA:3,9
DA:42,9
LF:3
LH:3
BRF:0
BRH:0
end_of_record
TN:
SF:models\db.js
FN:21,(anonymous_0)
FN:29,(anonymous_1)
FN:36,(anonymous_2)
FN:46,(anonymous_3)
FN:56,(anonymous_4)
FN:65,(anonymous_5)
FN:74,(anonymous_6)
FN:82,(anonymous_7)
FN:90,(anonymous_8)
FNF:9
FNH:9
FNDA:1,(anonymous_0)
FNDA:1,(anonymous_1)
FNDA:1,(anonymous_2)
FNDA:1,(anonymous_3)
FNDA:1,(anonymous_4)
FNDA:1,(anonymous_5)
FNDA:1,(anonymous_6)
FNDA:1,(anonymous_7)
FNDA:1,(anonymous_8)
DA:3,11
DA:6,11
DA:10,11
DA:16,11
DA:22,1
DA:23,1
DA:30,1
DA:37,1
DA:47,1
DA:57,1
DA:66,1
DA:75,1
DA:83,1
DA:91,1
DA:100,11
LF:15
LH:15
BRF:0
BRH:0
end_of_record
TN:
SF:models\driverdb.js
FNF:0
FNH:0
DA:1,9
DA:3,9
DA:38,9
LF:3
LH:3
BRF:0
BRH:0
end_of_record
TN:
SF:models\reservationdb.js
FNF:0
FNH:0
DA:1,8
DA:3,8
DA:34,8
LF:3
LH:3
BRF:0
BRH:0
end_of_record
TN:
SF:models\userdb.js
FNF:0
FNH:0
DA:1,10
DA:3,10
DA:42,10
LF:3
LH:3
BRF:0
BRH:0
end_of_record
