TN:
SF:controllers/profileController.js
FN:15,(anonymous_0)
FN:64,(anonymous_1)
FN:113,(anonymous_2)
FN:150,(anonymous_3)
FN:174,(anonymous_4)
FN:198,(anonymous_5)
FN:226,(anonymous_6)
FN:243,(anonymous_7)
FN:258,(anonymous_8)
FN:271,(anonymous_9)
FN:272,(anonymous_10)
FNF:11
FNH:0
FNDA:0,(anonymous_0)
FNDA:0,(anonymous_1)
FNDA:0,(anonymous_2)
FNDA:0,(anonymous_3)
FNDA:0,(anonymous_4)
FNDA:0,(anonymous_5)
FNDA:0,(anonymous_6)
FNDA:0,(anonymous_7)
FNDA:0,(anonymous_8)
FNDA:0,(anonymous_9)
FNDA:0,(anonymous_10)
DA:1,1
DA:3,1
DA:5,1
DA:7,1
DA:10,1
DA:11,1
DA:13,1
DA:17,0
DA:18,0
DA:19,0
DA:20,0
DA:21,0
DA:22,0
DA:23,0
DA:24,0
DA:25,0
DA:29,0
DA:31,0
DA:33,0
DA:35,0
DA:37,0
DA:45,0
DA:46,0
DA:48,0
DA:49,0
DA:52,0
DA:55,0
DA:58,0
DA:66,0
DA:67,0
DA:68,0
DA:69,0
DA:70,0
DA:71,0
DA:72,0
DA:73,0
DA:74,0
DA:78,0
DA:79,0
DA:81,0
DA:83,0
DA:85,0
DA:93,0
DA:94,0
DA:96,0
DA:97,0
DA:100,0
DA:103,0
DA:106,0
DA:114,0
DA:115,0
DA:117,0
DA:118,0
DA:120,0
DA:121,0
DA:122,0
DA:123,0
DA:125,0
DA:126,0
DA:127,0
DA:128,0
DA:130,0
DA:132,0
DA:133,0
DA:134,0
DA:136,0
DA:137,0
DA:138,0
DA:143,0
DA:144,0
DA:151,0
DA:152,0
DA:154,0
DA:155,0
DA:157,0
DA:158,0
DA:159,0
DA:160,0
DA:162,0
DA:163,0
DA:164,0
DA:165,0
DA:168,0
DA:169,0
DA:175,0
DA:176,0
DA:178,0
DA:179,0
DA:181,0
DA:182,0
DA:183,0
DA:184,0
DA:186,0
DA:187,0
DA:188,0
DA:189,0
DA:192,0
DA:193,0
DA:200,0
DA:201,0
DA:203,0
DA:204,0
DA:206,0
DA:207,0
DA:208,0
DA:209,0
DA:211,0
DA:212,0
DA:213,0
DA:214,0
DA:217,0
DA:218,0
DA:220,0
DA:221,0
DA:227,0
DA:228,0
DA:230,0
DA:231,0
DA:233,0
DA:235,0
DA:236,0
DA:237,0
DA:239,0
DA:243,0
DA:244,0
DA:245,0
DA:249,0
DA:250,0
DA:251,0
DA:252,0
DA:254,0
DA:258,0
DA:259,0
DA:260,0
DA:265,0
DA:266,0
DA:272,0
DA:273,0
DA:274,0
DA:280,1
LF:140
LH:8
BRDA:17,0,0,0
BRDA:17,0,1,0
BRDA:22,1,0,0
BRDA:22,1,1,0
BRDA:24,2,0,0
BRDA:24,2,1,0
BRDA:35,3,0,0
BRDA:35,3,1,0
BRDA:45,4,0,0
BRDA:45,4,1,0
BRDA:45,5,0,0
BRDA:45,5,1,0
BRDA:48,6,0,0
BRDA:48,6,1,0
BRDA:66,7,0,0
BRDA:66,7,1,0
BRDA:71,8,0,0
BRDA:71,8,1,0
BRDA:73,9,0,0
BRDA:73,9,1,0
BRDA:83,10,0,0
BRDA:83,10,1,0
BRDA:93,11,0,0
BRDA:93,11,1,0
BRDA:96,12,0,0
BRDA:96,12,1,0
BRDA:120,13,0,0
BRDA:120,13,1,0
BRDA:120,14,0,0
BRDA:120,14,1,0
BRDA:120,14,2,0
BRDA:125,15,0,0
BRDA:125,15,1,0
BRDA:125,16,0,0
BRDA:125,16,1,0
BRDA:125,16,2,0
BRDA:130,17,0,0
BRDA:130,17,1,0
BRDA:130,18,0,0
BRDA:130,18,1,0
BRDA:130,18,2,0
BRDA:132,19,0,0
BRDA:132,19,1,0
BRDA:136,20,0,0
BRDA:136,20,1,0
BRDA:157,21,0,0
BRDA:157,21,1,0
BRDA:162,22,0,0
BRDA:162,22,1,0
BRDA:181,23,0,0
BRDA:181,23,1,0
BRDA:181,24,0,0
BRDA:181,24,1,0
BRDA:186,25,0,0
BRDA:186,25,1,0
BRDA:186,26,0,0
BRDA:186,26,1,0
BRDA:206,27,0,0
BRDA:206,27,1,0
BRDA:206,28,0,0
BRDA:206,28,1,0
BRDA:211,29,0,0
BRDA:211,29,1,0
BRDA:211,30,0,0
BRDA:211,30,1,0
BRDA:235,31,0,0
BRDA:235,31,1,0
BRDA:235,32,0,0
BRDA:235,32,1,0
BRDA:244,33,0,0
BRDA:244,33,1,0
BRDA:249,34,0,0
BRDA:249,34,1,0
BRDA:249,35,0,0
BRDA:249,35,1,0
BRDA:259,36,0,0
BRDA:259,36,1,0
BRDA:273,37,0,0
BRDA:273,37,1,0
BRF:79
BRH:0
end_of_record
TN:
SF:models/admindb.js
FNF:0
FNH:0
DA:1,1
DA:3,1
DA:42,1
LF:3
LH:3
BRF:0
BRH:0
end_of_record
TN:
SF:models/db.js
FN:21,(anonymous_0)
FN:29,(anonymous_1)
FN:36,(anonymous_2)
FN:46,(anonymous_3)
FN:56,(anonymous_4)
FN:65,(anonymous_5)
FN:74,(anonymous_6)
FN:82,(anonymous_7)
FN:90,(anonymous_8)
FNF:9
FNH:0
FNDA:0,(anonymous_0)
FNDA:0,(anonymous_1)
FNDA:0,(anonymous_2)
FNDA:0,(anonymous_3)
FNDA:0,(anonymous_4)
FNDA:0,(anonymous_5)
FNDA:0,(anonymous_6)
FNDA:0,(anonymous_7)
FNDA:0,(anonymous_8)
DA:3,1
DA:6,1
DA:10,1
DA:16,1
DA:22,0
DA:23,0
DA:30,0
DA:37,0
DA:47,0
DA:57,0
DA:66,0
DA:75,0
DA:83,0
DA:91,0
DA:100,1
LF:15
LH:5
BRF:0
BRH:0
end_of_record
TN:
SF:models/driverdb.js
FNF:0
FNH:0
LF:0
LH:0
BRF:0
BRH:0
end_of_record
TN:
SF:models/reservationdb.js
FNF:0
FNH:0
DA:1,1
DA:3,1
DA:34,1
LF:3
LH:3
BRF:0
BRH:0
end_of_record
TN:
SF:models/userdb.js
FNF:0
FNH:0
DA:1,1
DA:3,1
DA:42,1
LF:3
LH:3
BRF:0
BRH:0
end_of_record
